Using pre-set license
Built from '2021.1/staging' branch; Version is '2021.1.2f1 (e5d502d80fbb) revision 15062274'; Using compiler version '192528614'; Build Type 'Release'
OS: 'Windows 10 Home; OS build 19042.928; Version 2009; 64bit' Language: 'zh' Physical Memory: 16251 MB
BatchMode: 1, IsHumanControllingUs: 0, StartBugReporterOnCrash: 0, Is64bit: 1, IsPro: 0

 COMMAND LINE ARGUMENTS:
C:\Program Files\Unity 2021.1.2f1\Editor\Unity.exe
-adb2
-batchMode
-noUpm
-name
AssetImportWorker0
-projectPath
C:/Users/Chloe/Desktop/test
-logFile
Logs/AssetImportWorker0.log
-srvPort
50057
Successfully changed project path to: C:/Users/Chloe/Desktop/test
C:/Users/Chloe/Desktop/test
Using Asset Import Pipeline V2.
Refreshing native plugins compatible for Editor in 65.60 ms, found 1 plugins.
Preloading 0 native plugins for Editor in 0.00 ms.
Initialize engine version: 2021.1.2f1 (e5d502d80fbb)
[Subsystems] Discovering subsystems at path C:/Program Files/Unity 2021.1.2f1/Editor/Data/Resources/UnitySubsystems
[Subsystems] Discovering subsystems at path C:/Users/Chloe/Desktop/test/Assets
GfxDevice: creating device client; threaded=0; jobified=0
Direct3D:
    Version:  Direct3D 11.0 [level 11.1]
    Renderer: NVIDIA GeForce GTX 1660 Ti (ID=0x2191)
    Vendor:   NVIDIA
    VRAM:     5991 MB
    Driver:   27.21.14.5256
Initialize mono
Mono path[0] = 'C:/Program Files/Unity 2021.1.2f1/Editor/Data/Managed'
Mono path[1] = 'C:/Program Files/Unity 2021.1.2f1/Editor/Data/MonoBleedingEdge/lib/mono/unityjit'
Mono config path = 'C:/Program Files/Unity 2021.1.2f1/Editor/Data/MonoBleedingEdge/etc'
Using monoOptions --debugger-agent=transport=dt_socket,embedding=1,server=y,suspend=n,address=127.0.0.1:56528
Begin MonoManager ReloadAssembly
Registering precompiled unity dll's ...
Register platform support module: C:/Program Files/Unity 2021.1.2f1/Editor/Data/PlaybackEngines/WebGLSupport/UnityEditor.WebGL.Extensions.dll
Register platform support module: C:/Program Files/Unity 2021.1.2f1/Editor/Data/PlaybackEngines/WindowsStandaloneSupport/UnityEditor.WindowsStandalone.Extensions.dll
Registered in 0.002086 seconds.
Native extension for WindowsStandalone target not found
Native extension for WebGL target not found
Refreshing native plugins compatible for Editor in 67.90 ms, found 1 plugins.
Preloading 0 native plugins for Editor in 0.00 ms.
Mono: successfully reloaded assembly
- Completed reload, in  1.078 seconds
Platform modules already initialized, skipping
Registering precompiled user dll's ...
Registered in 0.002730 seconds.
Begin MonoManager ReloadAssembly
Native extension for WindowsStandalone target not found
Native extension for WebGL target not found
Refreshing native plugins compatible for Editor in 0.51 ms, found 1 plugins.
Preloading 0 native plugins for Editor in 0.00 ms.
Mono: successfully reloaded assembly
- Completed reload, in  0.908 seconds
Platform modules already initialized, skipping
========================================================================
Worker process is ready to serve import requests
Launched and connected shader compiler UnityShaderCompiler.exe after 0.03 seconds
Refreshing native plugins compatible for Editor in 1.06 ms, found 1 plugins.
Preloading 0 native plugins for Editor in 0.00 ms.
Unloading 3194 Unused Serialized files (Serialized files now loaded: 0)
System memory in use before: 126.0 MB.
System memory in use after: 126.2 MB.

Unloading 93 unused Assets to reduce memory usage. Loaded Objects now: 3630.
Total: 2.849300 ms (FindLiveObjects: 0.235700 ms CreateObjectMapping: 0.163200 ms MarkObjects: 2.207400 ms  DeleteObjects: 0.242300 ms)

========================================================================
Received Import Request.
  path: Assets/TEXTURES/FLOORS/wall_bricks_plaster_AO_2k.png
  artifactKey: Guid(c634f7feb6a20a04388b99a84bae9785) Importer(815301076,1909f56bfc062723c751e8b465ee728b)
Start importing Assets/TEXTURES/FLOORS/wall_bricks_plaster_AO_2k.png using Guid(c634f7feb6a20a04388b99a84bae9785) Importer(815301076,1909f56bfc062723c751e8b465ee728b)  -> (artifact id: '4717b5e7d73282a2c62f31efde0d5781') in 0.074076 seconds 
========================================================================
Received Import Request.
  Time since last request: 0.000217 seconds.
  path: Assets/TEXTURES/FLOORS/wall_bricks_plaster_nor_2k.png
  artifactKey: Guid(a9408fef434d6d84a8beaa77dcd0e6de) Importer(815301076,1909f56bfc062723c751e8b465ee728b)
Start importing Assets/TEXTURES/FLOORS/wall_bricks_plaster_nor_2k.png using Guid(a9408fef434d6d84a8beaa77dcd0e6de) Importer(815301076,1909f56bfc062723c751e8b465ee728b)  -> (artifact id: 'b5c108053c7999ca6273e65ed59692b1') in 0.009736 seconds 
========================================================================
Received Import Request.
  Time since last request: 0.000177 seconds.
  path: Assets/TEXTURES/FLOORS/wall_bricks_plaster_bump_2k.png
  artifactKey: Guid(8fcc8c072d3e9bd4ba1066b25f272da7) Importer(815301076,1909f56bfc062723c751e8b465ee728b)
Start importing Assets/TEXTURES/FLOORS/wall_bricks_plaster_bump_2k.png using Guid(8fcc8c072d3e9bd4ba1066b25f272da7) Importer(815301076,1909f56bfc062723c751e8b465ee728b)  -> (artifact id: '408189353eb85c21b41d633ca83b2093') in 0.009898 seconds 
========================================================================
Received Import Request.
  Time since last request: 0.000161 seconds.
  path: Assets/TEXTURES/FLOORS/wall_bricks_plaster_rough_2k.png
  artifactKey: Guid(926c4b075dd743e4e97aed7c19b0241b) Importer(815301076,1909f56bfc062723c751e8b465ee728b)
Start importing Assets/TEXTURES/FLOORS/wall_bricks_plaster_rough_2k.png using Guid(926c4b075dd743e4e97aed7c19b0241b) Importer(815301076,1909f56bfc062723c751e8b465ee728b)  -> (artifact id: '4be9ecccdae7d0c7f9531403ae52810d') in 0.010092 seconds 
========================================================================
Received Import Request.
  Time since last request: 0.000158 seconds.
  path: Assets/TEXTURES/FLOORS/wall_bricks_plaster_spec_2k.png
  artifactKey: Guid(97eca1328b223b843a03865ddede9220) Importer(815301076,1909f56bfc062723c751e8b465ee728b)
Start importing Assets/TEXTURES/FLOORS/wall_bricks_plaster_spec_2k.png using Guid(97eca1328b223b843a03865ddede9220) Importer(815301076,1909f56bfc062723c751e8b465ee728b)  -> (artifact id: 'cae22264081e41ea4432ec6f9d65d444') in 0.009300 seconds 
========================================================================
Received Import Request.
  Time since last request: 0.000120 seconds.
  path: Assets/TEXTURES/FLOORS/wall_bricks_plaster_diff_2k.png
  artifactKey: Guid(e9bb55cb8b2e9cf4987ae06c1299b70f) Importer(815301076,1909f56bfc062723c751e8b465ee728b)
Start importing Assets/TEXTURES/FLOORS/wall_bricks_plaster_diff_2k.png using Guid(e9bb55cb8b2e9cf4987ae06c1299b70f) Importer(815301076,1909f56bfc062723c751e8b465ee728b)  -> (artifact id: '5da726cac5c086715fe0de03e3fad370') in 0.009148 seconds 
========================================================================
Received Import Request.
  Time since last request: 0.000151 seconds.
  path: Assets/TEXTURES/FLOORS/wall_bricks_plaster_Disp_2k.png
  artifactKey: Guid(cffdc150c56a19549b5ed9e310be7f3a) Importer(815301076,1909f56bfc062723c751e8b465ee728b)
Start importing Assets/TEXTURES/FLOORS/wall_bricks_plaster_Disp_2k.png using Guid(cffdc150c56a19549b5ed9e310be7f3a) Importer(815301076,1909f56bfc062723c751e8b465ee728b)  -> (artifact id: 'e29581d89a0bebca0ea16ae5eb961ae6') in 0.009150 seconds 
========================================================================
Received Import Request.
  Time since last request: 213.916181 seconds.
  path: Assets/TEXTURES/WALLS/wall_bricks_plaster_AO_2k.png
  artifactKey: Guid(6bdc24099732f0f45ab59a9b2f56b221) Importer(815301076,1909f56bfc062723c751e8b465ee728b)
Start importing Assets/TEXTURES/WALLS/wall_bricks_plaster_AO_2k.png using Guid(6bdc24099732f0f45ab59a9b2f56b221) Importer(815301076,1909f56bfc062723c751e8b465ee728b)  -> (artifact id: '33388fe758616605ff9b9cdc0c3dccfa') in 0.016250 seconds 
========================================================================
Received Import Request.
  Time since last request: 0.000263 seconds.
  path: Assets/TEXTURES/WALLS/wall_bricks_plaster_spec_2k.png
  artifactKey: Guid(0515cf94716e4ed418154bacddc48507) Importer(815301076,1909f56bfc062723c751e8b465ee728b)
Start importing Assets/TEXTURES/WALLS/wall_bricks_plaster_spec_2k.png using Guid(0515cf94716e4ed418154bacddc48507) Importer(815301076,1909f56bfc062723c751e8b465ee728b)  -> (artifact id: '5084bd7432d41dc54c6f53a6b3e7fef4') in 0.007642 seconds 
========================================================================
Received Import Request.
  Time since last request: 0.000113 seconds.
  path: Assets/TEXTURES/WALLS/wall_bricks_plaster_nor_2k.png
  artifactKey: Guid(3b497dc5329cc5a44bc873d018234fb5) Importer(815301076,1909f56bfc062723c751e8b465ee728b)
Start importing Assets/TEXTURES/WALLS/wall_bricks_plaster_nor_2k.png using Guid(3b497dc5329cc5a44bc873d018234fb5) Importer(815301076,1909f56bfc062723c751e8b465ee728b)  -> (artifact id: 'b1b2d98c288de3218136387955dd0abd') in 0.008791 seconds 
========================================================================
Received Import Request.
  Time since last request: 0.000154 seconds.
  path: Assets/TEXTURES/WALLS/wall_bricks_plaster_diff_2k.png
  artifactKey: Guid(4990f23e7b115544f93346b3fa342805) Importer(815301076,1909f56bfc062723c751e8b465ee728b)
Start importing Assets/TEXTURES/WALLS/wall_bricks_plaster_diff_2k.png using Guid(4990f23e7b115544f93346b3fa342805) Importer(815301076,1909f56bfc062723c751e8b465ee728b)  -> (artifact id: '0a4c9d0563f97a64616eadb05e98c1e7') in 0.009076 seconds 
========================================================================
Received Import Request.
  Time since last request: 0.000250 seconds.
  path: Assets/TEXTURES/WALLS/wall_bricks_plaster_Disp_2k.png
  artifactKey: Guid(9fd9bb8d0a7b8524180060ae6219d851) Importer(815301076,1909f56bfc062723c751e8b465ee728b)
Start importing Assets/TEXTURES/WALLS/wall_bricks_plaster_Disp_2k.png using Guid(9fd9bb8d0a7b8524180060ae6219d851) Importer(815301076,1909f56bfc062723c751e8b465ee728b)  -> (artifact id: '4876850b77b390f832ca21084a5a1791') in 0.007475 seconds 
========================================================================
Received Import Request.
  Time since last request: 0.000239 seconds.
  path: Assets/TEXTURES/WALLS/wall_bricks_plaster_rough_2k.png
  artifactKey: Guid(3b890c2c0374a5243a0431f761c6d57d) Importer(815301076,1909f56bfc062723c751e8b465ee728b)
Start importing Assets/TEXTURES/WALLS/wall_bricks_plaster_rough_2k.png using Guid(3b890c2c0374a5243a0431f761c6d57d) Importer(815301076,1909f56bfc062723c751e8b465ee728b)  -> (artifact id: '37e64b484ab0fa5f73e6c06853045a4f') in 0.010159 seconds 
========================================================================
Received Import Request.
  Time since last request: 0.000219 seconds.
  path: Assets/TEXTURES/WALLS/wall_bricks_plaster_bump_2k.png
  artifactKey: Guid(baf5835606f391f479de51fb6ec50da8) Importer(815301076,1909f56bfc062723c751e8b465ee728b)
Start importing Assets/TEXTURES/WALLS/wall_bricks_plaster_bump_2k.png using Guid(baf5835606f391f479de51fb6ec50da8) Importer(815301076,1909f56bfc062723c751e8b465ee728b)  -> (artifact id: 'aee7c8d1b9abe62c0c2a8f1243fae435') in 0.008944 seconds 
========================================================================
Received Import Request.
  Time since last request: 139.908989 seconds.
  path: Assets/TEXTURES/WALLS/New Material.mat
  artifactKey: Guid(a83f82efbd14c334eb2a2db948f5dd8c) Importer(815301076,1909f56bfc062723c751e8b465ee728b)
Start importing Assets/TEXTURES/WALLS/New Material.mat using Guid(a83f82efbd14c334eb2a2db948f5dd8c) Importer(815301076,1909f56bfc062723c751e8b465ee728b)  -> (artifact id: 'c080658f1db310503bd4c8ab52452816') in 0.062817 seconds 
========================================================================
Received Import Request.
  Time since last request: 56.618590 seconds.
  path: Assets/FirstPersion AIO Pack/DemoScene/Working Textures/DaySky/Back.png
  artifactKey: Guid(8de32711a8f4df5448e14b373ffe990b) Importer(815301076,1909f56bfc062723c751e8b465ee728b)
Start importing Assets/FirstPersion AIO Pack/DemoScene/Working Textures/DaySky/Back.png using Guid(8de32711a8f4df5448e14b373ffe990b) Importer(815301076,1909f56bfc062723c751e8b465ee728b)  -> (artifact id: '374a397a915be94d1968833a28a5d425') in 0.009775 seconds 
========================================================================
Received Import Request.
  Time since last request: 0.000229 seconds.
  path: Assets/FirstPersion AIO Pack/DemoScene/Working Textures/NightSky/Back.png
  artifactKey: Guid(949a695d97850f642b1a0039b766e6ec) Importer(815301076,1909f56bfc062723c751e8b465ee728b)
Start importing Assets/FirstPersion AIO Pack/DemoScene/Working Textures/NightSky/Back.png using Guid(949a695d97850f642b1a0039b766e6ec) Importer(815301076,1909f56bfc062723c751e8b465ee728b)  -> (artifact id: '5ad57e1a72004b07ba4873aa06f1a647') in 0.009095 seconds 
========================================================================
Received Import Request.
  Time since last request: 0.000149 seconds.
  path: Assets/FirstPersion AIO Pack/DemoScene/Working Textures/Carpet/Carpet_Normal.png
  artifactKey: Guid(d4bda63fdb3591c418fd1614c87bab6b) Importer(815301076,1909f56bfc062723c751e8b465ee728b)
Start importing Assets/FirstPersion AIO Pack/DemoScene/Working Textures/Carpet/Carpet_Normal.png using Guid(d4bda63fdb3591c418fd1614c87bab6b) Importer(815301076,1909f56bfc062723c751e8b465ee728b)  -> (artifact id: 'd0dd858acfa26da21b772c99ea40406e') in 0.013036 seconds 
========================================================================
Received Import Request.
  Time since last request: 0.000165 seconds.
  path: Assets/FirstPersion AIO Pack/DemoScene/Working Textures/NightSky/Bottom.png
  artifactKey: Guid(8cab0f22a5a3c3541a13984620cdf16c) Importer(815301076,1909f56bfc062723c751e8b465ee728b)
Start importing Assets/FirstPersion AIO Pack/DemoScene/Working Textures/NightSky/Bottom.png using Guid(8cab0f22a5a3c3541a13984620cdf16c) Importer(815301076,1909f56bfc062723c751e8b465ee728b)  -> (artifact id: '0a0b3e27bc76fb86874aa112459c6755') in 0.007868 seconds 
========================================================================
Received Import Request.
  Time since last request: 0.000142 seconds.
  path: Assets/FirstPersion AIO Pack/DemoScene/Working Textures/Concrete/Concrete_Normal.png
  artifactKey: Guid(900042087b9570040a72062f28165a3d) Importer(815301076,1909f56bfc062723c751e8b465ee728b)
Start importing Assets/FirstPersion AIO Pack/DemoScene/Working Textures/Concrete/Concrete_Normal.png using Guid(900042087b9570040a72062f28165a3d) Importer(815301076,1909f56bfc062723c751e8b465ee728b)  -> (artifact id: 'ac02b3c3da26b558172f417e446004c0') in 0.008784 seconds 
========================================================================
Received Import Request.
  Time since last request: 0.000151 seconds.
  path: Assets/FirstPersion AIO Pack/DemoScene/Working Textures/DaySky/Bottom.png
  artifactKey: Guid(ad326431ca40b2642b5db196b9d39a88) Importer(815301076,1909f56bfc062723c751e8b465ee728b)
Start importing Assets/FirstPersion AIO Pack/DemoScene/Working Textures/DaySky/Bottom.png using Guid(ad326431ca40b2642b5db196b9d39a88) Importer(815301076,1909f56bfc062723c751e8b465ee728b)  -> (artifact id: '991350e40f6460d8e5c596f86385d89a') in 0.007448 seconds 
========================================================================
Received Import Request.
  Time since last request: 0.000262 seconds.
  path: Assets/FirstPersion AIO Pack/DemoScene/Working Textures/Carpet/Carpet.png
  artifactKey: Guid(2a4483bc4627f8d4c8969253f3eb3304) Importer(815301076,1909f56bfc062723c751e8b465ee728b)
Start importing Assets/FirstPersion AIO Pack/DemoScene/Working Textures/Carpet/Carpet.png using Guid(2a4483bc4627f8d4c8969253f3eb3304) Importer(815301076,1909f56bfc062723c751e8b465ee728b)  -> (artifact id: 'c32a993644d7c7c8f6dc9da0762df652') in 0.008334 seconds 
========================================================================
Received Import Request.
  Time since last request: 0.000123 seconds.
  path: Assets/FirstPersion AIO Pack/DemoScene/Working Textures/Concrete/Concrete.png
  artifactKey: Guid(7ff68301a810b3349a1d397986a47db8) Importer(815301076,1909f56bfc062723c751e8b465ee728b)
Start importing Assets/FirstPersion AIO Pack/DemoScene/Working Textures/Concrete/Concrete.png using Guid(7ff68301a810b3349a1d397986a47db8) Importer(815301076,1909f56bfc062723c751e8b465ee728b)  -> (artifact id: '85783d724522ea182c060bff44dd9334') in 0.008349 seconds 
========================================================================
Received Import Request.
  Time since last request: 734.024261 seconds.
  path: Assets/TEXTURES/FLOORS/FLOORS.mat
  artifactKey: Guid(5c213bc182e3a8447aad4a2f1f29399c) Importer(815301076,1909f56bfc062723c751e8b465ee728b)
Start importing Assets/TEXTURES/FLOORS/FLOORS.mat using Guid(5c213bc182e3a8447aad4a2f1f29399c) Importer(815301076,1909f56bfc062723c751e8b465ee728b)  -> (artifact id: '252b5be7c65d53bea72c43b441f8be95') in 0.015657 seconds 
========================================================================
Received Import Request.
  Time since last request: 174.910138 seconds.
  path: Assets/TEXTURES/FLOORS/wall_bricks_plaster_spec_2k 1.png
  artifactKey: Guid(9cd218b6ece9b114e89d6a5f0598db02) Importer(815301076,1909f56bfc062723c751e8b465ee728b)
Start importing Assets/TEXTURES/FLOORS/wall_bricks_plaster_spec_2k 1.png using Guid(9cd218b6ece9b114e89d6a5f0598db02) Importer(815301076,1909f56bfc062723c751e8b465ee728b)  -> (artifact id: '029c59de78bd12a23bd9555cc2d22f1d') in 0.018033 seconds 
========================================================================
Received Import Request.
  Time since last request: 357.065539 seconds.
  path: Assets/FirstPersion AIO Pack/FirstPersonAIO
  artifactKey: Guid(4e8e8b0393bf92341b3d06aca6eb6993) Importer(815301076,1909f56bfc062723c751e8b465ee728b)
Start importing Assets/FirstPersion AIO Pack/FirstPersonAIO using Guid(4e8e8b0393bf92341b3d06aca6eb6993) Importer(815301076,1909f56bfc062723c751e8b465ee728b)  -> (artifact id: '469d08c9e30ba13a849423b5e7a82d02') in 0.002645 seconds 
========================================================================
Received Import Request.
  Time since last request: 0.056074 seconds.
  path: Assets/FirstPersion AIO Pack/FirstPersonAIO/FirstPerson-AIO.prefab
  artifactKey: Guid(2e62f5703e5f8d2488a5e1bc8433be41) Importer(815301076,1909f56bfc062723c751e8b465ee728b)
Start importing Assets/FirstPersion AIO Pack/FirstPersonAIO/FirstPerson-AIO.prefab using Guid(2e62f5703e5f8d2488a5e1bc8433be41) Importer(815301076,1909f56bfc062723c751e8b465ee728b)  -> (artifact id: 'dffe53e177033f3fe7e4b17db6ed831e') in 0.043154 seconds 
========================================================================
Received Import Request.
  Time since last request: 555.754954 seconds.
  path: ProjectSettings/TagManager.asset
  artifactKey: Guid(00000000000000003000000000000000) Importer(815301076,1909f56bfc062723c751e8b465ee728b)
Start importing ProjectSettings/TagManager.asset using Guid(00000000000000003000000000000000) Importer(815301076,1909f56bfc062723c751e8b465ee728b)  -> (artifact id: '731b24097932f37a00ee252d02689474') in 0.004928 seconds 
========================================================================
Received Import Request.
  Time since last request: 95.208459 seconds.
  path: Assets/GALLERY.asset
  artifactKey: Guid(aceb6e81297b2984e9e75f58ff84f97d) Importer(815301076,1909f56bfc062723c751e8b465ee728b)
Start importing Assets/GALLERY.asset using Guid(aceb6e81297b2984e9e75f58ff84f97d) Importer(815301076,1909f56bfc062723c751e8b465ee728b)  -> (artifact id: '9043349c90ab4838010efa3b0d9fb4dd') in 0.003503 seconds 
========================================================================
Received Import Request.
  Time since last request: 111.275655 seconds.
  path: Assets/FirstPersion AIO Pack
  artifactKey: Guid(0b89ae0347684d849a54b483abdd58d2) Importer(815301076,1909f56bfc062723c751e8b465ee728b)
Start importing Assets/FirstPersion AIO Pack using Guid(0b89ae0347684d849a54b483abdd58d2) Importer(815301076,1909f56bfc062723c751e8b465ee728b)  -> (artifact id: '241b658d88cc98ff9c3813304214966f') in 0.002260 seconds 
========================================================================
Received Import Request.
  Time since last request: 1.889547 seconds.
  path: Assets/Scenes
  artifactKey: Guid(9364262f8253e894693d1abd0ff86649) Importer(815301076,1909f56bfc062723c751e8b465ee728b)
Start importing Assets/Scenes using Guid(9364262f8253e894693d1abd0ff86649) Importer(815301076,1909f56bfc062723c751e8b465ee728b)  -> (artifact id: 'f86a92477e3934f3dbdbcd25e9abfef5') in 0.002430 seconds 
========================================================================
Received Import Request.
  Time since last request: 2.556159 seconds.
  path: Assets/TEXTURES/FLOORS/FLOORS.mat
  artifactKey: Guid(5c213bc182e3a8447aad4a2f1f29399c) Importer(815301076,1909f56bfc062723c751e8b465ee728b)
Start importing Assets/TEXTURES/FLOORS/FLOORS.mat using Guid(5c213bc182e3a8447aad4a2f1f29399c) Importer(815301076,1909f56bfc062723c751e8b465ee728b)  -> (artifact id: '0dd4e1d257f792fe1acf2dec2b3d5f7e') in 0.033003 seconds 
========================================================================
Received Import Request.
  Time since last request: 4.317421 seconds.
  path: Assets/TEXTURES/FLOORS/wall_bricks_plaster_nor_2k.png
  artifactKey: Guid(a9408fef434d6d84a8beaa77dcd0e6de) Importer(815301076,1909f56bfc062723c751e8b465ee728b)
Start importing Assets/TEXTURES/FLOORS/wall_bricks_plaster_nor_2k.png using Guid(a9408fef434d6d84a8beaa77dcd0e6de) Importer(815301076,1909f56bfc062723c751e8b465ee728b)  -> (artifact id: 'ab6df504c8e35af273b20c6c8a409ace') in 0.020435 seconds 
========================================================================
Received Import Request.
  Time since last request: 2.342762 seconds.
  path: Assets/TEXTURES/WALLS/WALLS.mat
  artifactKey: Guid(a83f82efbd14c334eb2a2db948f5dd8c) Importer(815301076,1909f56bfc062723c751e8b465ee728b)
Start importing Assets/TEXTURES/WALLS/WALLS.mat using Guid(a83f82efbd14c334eb2a2db948f5dd8c) Importer(815301076,1909f56bfc062723c751e8b465ee728b)  -> (artifact id: 'a79647367efacc2a8ebd5c0fb8d39490') in 0.012731 seconds 
========================================================================
Received Import Request.
  Time since last request: 2.608837 seconds.
  path: Assets/TEXTURES/WALLS/wall_bricks_plaster_nor_2k.png
  artifactKey: Guid(3b497dc5329cc5a44bc873d018234fb5) Importer(815301076,1909f56bfc062723c751e8b465ee728b)
Start importing Assets/TEXTURES/WALLS/wall_bricks_plaster_nor_2k.png using Guid(3b497dc5329cc5a44bc873d018234fb5) Importer(815301076,1909f56bfc062723c751e8b465ee728b)  -> (artifact id: '5b2b906a8736ae7fbb19866cc6b2ca9f') in 0.022419 seconds 
========================================================================
Received Import Request.
  Time since last request: 38.511580 seconds.
  path: Assets/GALLERY.asset
  artifactKey: Guid(aceb6e81297b2984e9e75f58ff84f97d) Importer(815301076,1909f56bfc062723c751e8b465ee728b)
Start importing Assets/GALLERY.asset using Guid(aceb6e81297b2984e9e75f58ff84f97d) Importer(815301076,1909f56bfc062723c751e8b465ee728b)  -> (artifact id: '6a8d29883d35f7d151f0bc514c788a87') in 0.014807 seconds 
========================================================================
Received Import Request.
  Time since last request: 579.805292 seconds.
  path: Assets/GALLERY.asset
  artifactKey: Guid(aceb6e81297b2984e9e75f58ff84f97d) Importer(815301076,1909f56bfc062723c751e8b465ee728b)
Start importing Assets/GALLERY.asset using Guid(aceb6e81297b2984e9e75f58ff84f97d) Importer(815301076,1909f56bfc062723c751e8b465ee728b)  -> (artifact id: '6bdcbdf3637dffcde2b58156233f0cc0') in 0.005354 seconds 
========================================================================
Received Prepare
Registering precompiled user dll's ...
Registered in 0.003053 seconds.
Begin MonoManager ReloadAssembly
Native extension for WindowsStandalone target not found
Native extension for WebGL target not found
Refreshing native plugins compatible for Editor in 0.83 ms, found 1 plugins.
Preloading 0 native plugins for Editor in 0.00 ms.
Warning: Annotation not found!
UnityEngine.StackTraceUtility:ExtractStackTrace ()
UnityEditor.ProBuilder.EditorUtility:SetGizmoIconEnabled (System.Type,bool) (at Library/PackageCache/com.unity.probuilder@5.0.3/Editor/EditorCore/EditorUtility.cs:575)
UnityEditor.ProBuilder.HierarchyListener:.cctor () (at Library/PackageCache/com.unity.probuilder@5.0.3/Editor/EditorCore/HierarchyListener.cs:21)
System.Runtime.CompilerServices.RuntimeHelpers:RunClassConstructor (System.RuntimeTypeHandle)
UnityEditor.EditorAssemblies:ProcessInitializeOnLoadAttributes (System.Type[])

[Library/PackageCache/com.unity.probuilder@5.0.3/Editor/EditorCore/EditorUtility.cs line 575]

Mono: successfully reloaded assembly
- Completed reload, in  0.978 seconds
Platform modules already initialized, skipping
Refreshing native plugins compatible for Editor in 0.60 ms, found 1 plugins.
Preloading 0 native plugins for Editor in 0.00 ms.
Unloading 3145 Unused Serialized files (Serialized files now loaded: 0)
System memory in use before: 181.5 MB.
System memory in use after: 181.7 MB.

Unloading 11 unused Assets to reduce memory usage. Loaded Objects now: 4048.
Total: 2.808900 ms (FindLiveObjects: 0.297800 ms CreateObjectMapping: 0.252000 ms MarkObjects: 2.204300 ms  DeleteObjects: 0.053100 ms)

========================================================================
Received Import Request.
  Time since last request: 282.503808 seconds.
  path: Assets/MEDIA
  artifactKey: Guid(c5eaf263126dc8346b76fbb0a3a6870f) Importer(815301076,1909f56bfc062723c751e8b465ee728b)
Start importing Assets/MEDIA using Guid(c5eaf263126dc8346b76fbb0a3a6870f) Importer(815301076,1909f56bfc062723c751e8b465ee728b)  -> (artifact id: '2e7d09d5d6e6c7a0755f74c6e4c81faf') in 0.006819 seconds 
========================================================================
Received Import Request.
  Time since last request: 164.851437 seconds.
  path: Assets/MEDIA/S__63070362.jpg
  artifactKey: Guid(99ac424b0f58bad4bbe6dc21cc0df506) Importer(815301076,1909f56bfc062723c751e8b465ee728b)
Start importing Assets/MEDIA/S__63070362.jpg using Guid(99ac424b0f58bad4bbe6dc21cc0df506) Importer(815301076,1909f56bfc062723c751e8b465ee728b)  -> (artifact id: '831bc20a1d3af929477af9c43ad5a04f') in 0.029945 seconds 
========================================================================
Received Import Request.
  Time since last request: 0.000146 seconds.
  path: Assets/MEDIA/S__63070367.jpg
  artifactKey: Guid(1ffa1a622aa1ce1489b9e40b3efc322d) Importer(815301076,1909f56bfc062723c751e8b465ee728b)
Start importing Assets/MEDIA/S__63070367.jpg using Guid(1ffa1a622aa1ce1489b9e40b3efc322d) Importer(815301076,1909f56bfc062723c751e8b465ee728b)  -> (artifact id: 'ed2b1dba69b4d69e314af406f46c9176') in 0.009381 seconds 
========================================================================
Received Import Request.
  Time since last request: 0.000188 seconds.
  path: Assets/MEDIA/S__63070365.jpg
  artifactKey: Guid(b4c33ca46868bb947a9cc3b8d359d063) Importer(815301076,1909f56bfc062723c751e8b465ee728b)
Start importing Assets/MEDIA/S__63070365.jpg using Guid(b4c33ca46868bb947a9cc3b8d359d063) Importer(815301076,1909f56bfc062723c751e8b465ee728b)  -> (artifact id: 'd6640b4bc0fcf93fc856044b4a03dca7') in 0.006905 seconds 
========================================================================
Received Import Request.
  Time since last request: 533.772595 seconds.
  path: Assets/MEDIA/POSTER 1.mat
  artifactKey: Guid(250dc38fb0a15794db2a3b54de6e46ad) Importer(815301076,1909f56bfc062723c751e8b465ee728b)
Start importing Assets/MEDIA/POSTER 1.mat using Guid(250dc38fb0a15794db2a3b54de6e46ad) Importer(815301076,1909f56bfc062723c751e8b465ee728b)  -> (artifact id: 'b4901b1799bd1f1c12ba98a4233ed94f') in 0.037227 seconds 
========================================================================
Received Prepare
Registering precompiled user dll's ...
Registered in 0.002633 seconds.
Begin MonoManager ReloadAssembly
Native extension for WindowsStandalone target not found
Native extension for WebGL target not found
Refreshing native plugins compatible for Editor in 0.56 ms, found 1 plugins.
Preloading 0 native plugins for Editor in 0.00 ms.
Warning: Annotation not found!
UnityEngine.StackTraceUtility:ExtractStackTrace ()
UnityEditor.ProBuilder.EditorUtility:SetGizmoIconEnabled (System.Type,bool) (at Library/PackageCache/com.unity.probuilder@5.0.3/Editor/EditorCore/EditorUtility.cs:575)
UnityEditor.ProBuilder.HierarchyListener:.cctor () (at Library/PackageCache/com.unity.probuilder@5.0.3/Editor/EditorCore/HierarchyListener.cs:21)
System.Runtime.CompilerServices.RuntimeHelpers:RunClassConstructor (System.RuntimeTypeHandle)
UnityEditor.EditorAssemblies:ProcessInitializeOnLoadAttributes (System.Type[])

[Library/PackageCache/com.unity.probuilder@5.0.3/Editor/EditorCore/EditorUtility.cs line 575]

Mono: successfully reloaded assembly
- Completed reload, in  0.884 seconds
Platform modules already initialized, skipping
Refreshing native plugins compatible for Editor in 1.12 ms, found 1 plugins.
Preloading 0 native plugins for Editor in 0.00 ms.
Unloading 3126 Unused Serialized files (Serialized files now loaded: 0)
System memory in use before: 187.5 MB.
System memory in use after: 187.7 MB.

Unloading 10 unused Assets to reduce memory usage. Loaded Objects now: 4098.
Total: 2.620400 ms (FindLiveObjects: 0.295600 ms CreateObjectMapping: 0.173400 ms MarkObjects: 2.102600 ms  DeleteObjects: 0.047900 ms)

========================================================================
Received Import Request.
  Time since last request: 1102.104637 seconds.
  path: Assets/MEDIA/POSTER 2.mat
  artifactKey: Guid(66ddb3b694da52544823ddb54c040145) Importer(815301076,1909f56bfc062723c751e8b465ee728b)
Start importing Assets/MEDIA/POSTER 2.mat using Guid(66ddb3b694da52544823ddb54c040145) Importer(815301076,1909f56bfc062723c751e8b465ee728b)  -> (artifact id: '5211a4f6b1200b7f5d6f09a326371273') in 0.043502 seconds 
========================================================================
Received Prepare
Registering precompiled user dll's ...
Registered in 0.002826 seconds.
Begin MonoManager ReloadAssembly
Native extension for WindowsStandalone target not found
Native extension for WebGL target not found
Refreshing native plugins compatible for Editor in 0.54 ms, found 1 plugins.
Preloading 0 native plugins for Editor in 0.00 ms.
Warning: Annotation not found!
UnityEngine.StackTraceUtility:ExtractStackTrace ()
UnityEditor.ProBuilder.EditorUtility:SetGizmoIconEnabled (System.Type,bool) (at Library/PackageCache/com.unity.probuilder@5.0.3/Editor/EditorCore/EditorUtility.cs:575)
UnityEditor.ProBuilder.HierarchyListener:.cctor () (at Library/PackageCache/com.unity.probuilder@5.0.3/Editor/EditorCore/HierarchyListener.cs:21)
System.Runtime.CompilerServices.RuntimeHelpers:RunClassConstructor (System.RuntimeTypeHandle)
UnityEditor.EditorAssemblies:ProcessInitializeOnLoadAttributes (System.Type[])

[Library/PackageCache/com.unity.probuilder@5.0.3/Editor/EditorCore/EditorUtility.cs line 575]

Mono: successfully reloaded assembly
- Completed reload, in  0.802 seconds
Platform modules already initialized, skipping
Refreshing native plugins compatible for Editor in 0.52 ms, found 1 plugins.
Preloading 0 native plugins for Editor in 0.00 ms.
Unloading 3123 Unused Serialized files (Serialized files now loaded: 0)
System memory in use before: 187.4 MB.
System memory in use after: 187.7 MB.

Unloading 10 unused Assets to reduce memory usage. Loaded Objects now: 4102.
Total: 2.719800 ms (FindLiveObjects: 0.535700 ms CreateObjectMapping: 0.202900 ms MarkObjects: 1.917800 ms  DeleteObjects: 0.062500 ms)

========================================================================
Received Prepare
Registering precompiled user dll's ...
Registered in 0.003035 seconds.
Begin MonoManager ReloadAssembly
Native extension for WindowsStandalone target not found
Native extension for WebGL target not found
Refreshing native plugins compatible for Editor in 0.53 ms, found 1 plugins.
Preloading 0 native plugins for Editor in 0.00 ms.
Warning: Annotation not found!
UnityEngine.StackTraceUtility:ExtractStackTrace ()
UnityEditor.ProBuilder.EditorUtility:SetGizmoIconEnabled (System.Type,bool) (at Library/PackageCache/com.unity.probuilder@5.0.3/Editor/EditorCore/EditorUtility.cs:575)
UnityEditor.ProBuilder.HierarchyListener:.cctor () (at Library/PackageCache/com.unity.probuilder@5.0.3/Editor/EditorCore/HierarchyListener.cs:21)
System.Runtime.CompilerServices.RuntimeHelpers:RunClassConstructor (System.RuntimeTypeHandle)
UnityEditor.EditorAssemblies:ProcessInitializeOnLoadAttributes (System.Type[])

[Library/PackageCache/com.unity.probuilder@5.0.3/Editor/EditorCore/EditorUtility.cs line 575]

Mono: successfully reloaded assembly
- Completed reload, in  0.811 seconds
Platform modules already initialized, skipping
Refreshing native plugins compatible for Editor in 0.53 ms, found 1 plugins.
Preloading 0 native plugins for Editor in 0.00 ms.
Unloading 3123 Unused Serialized files (Serialized files now loaded: 0)
System memory in use before: 187.5 MB.
System memory in use after: 187.7 MB.

Unloading 10 unused Assets to reduce memory usage. Loaded Objects now: 4105.
Total: 2.701200 ms (FindLiveObjects: 0.266900 ms CreateObjectMapping: 0.158000 ms MarkObjects: 2.183500 ms  DeleteObjects: 0.092100 ms)

========================================================================
Received Prepare
Registering precompiled user dll's ...
Registered in 0.003672 seconds.
Begin MonoManager ReloadAssembly
Native extension for WindowsStandalone target not found
Native extension for WebGL target not found
Refreshing native plugins compatible for Editor in 0.83 ms, found 1 plugins.
Preloading 0 native plugins for Editor in 0.00 ms.
Warning: Annotation not found!
UnityEngine.StackTraceUtility:ExtractStackTrace ()
UnityEditor.ProBuilder.EditorUtility:SetGizmoIconEnabled (System.Type,bool) (at Library/PackageCache/com.unity.probuilder@5.0.3/Editor/EditorCore/EditorUtility.cs:575)
UnityEditor.ProBuilder.HierarchyListener:.cctor () (at Library/PackageCache/com.unity.probuilder@5.0.3/Editor/EditorCore/HierarchyListener.cs:21)
System.Runtime.CompilerServices.RuntimeHelpers:RunClassConstructor (System.RuntimeTypeHandle)
UnityEditor.EditorAssemblies:ProcessInitializeOnLoadAttributes (System.Type[])

[Library/PackageCache/com.unity.probuilder@5.0.3/Editor/EditorCore/EditorUtility.cs line 575]

Mono: successfully reloaded assembly
- Completed reload, in  0.964 seconds
Platform modules already initialized, skipping
Refreshing native plugins compatible for Editor in 0.93 ms, found 1 plugins.
Preloading 0 native plugins for Editor in 0.00 ms.
Unloading 3123 Unused Serialized files (Serialized files now loaded: 0)
System memory in use before: 187.5 MB.
System memory in use after: 187.8 MB.

Unloading 10 unused Assets to reduce memory usage. Loaded Objects now: 4108.
Total: 2.613500 ms (FindLiveObjects: 0.371800 ms CreateObjectMapping: 0.193600 ms MarkObjects: 1.906900 ms  DeleteObjects: 0.140400 ms)

AssetImportWorkerClient::OnTransportError - code=2 error=End of file
