Using pre-set license
Built from '2021.1/staging' branch; Version is '2021.1.2f1 (e5d502d80fbb) revision 15062274'; Using compiler version '192528614'; Build Type 'Release'
OS: 'Windows 10 Home; OS build 19042.928; Version 2009; 64bit' Language: 'zh' Physical Memory: 16251 MB
BatchMode: 1, IsHumanControllingUs: 0, StartBugReporterOnCrash: 0, Is64bit: 1, IsPro: 0

 COMMAND LINE ARGUMENTS:
C:\Program Files\Unity 2021.1.2f1\Editor\Unity.exe
-adb2
-batchMode
-noUpm
-name
AssetImportWorker0
-projectPath
C:/Users/Chloe/Desktop/test
-logFile
Logs/AssetImportWorker0.log
-srvPort
49745
Successfully changed project path to: C:/Users/Chloe/Desktop/test
C:/Users/Chloe/Desktop/test
Using Asset Import Pipeline V2.
Refreshing native plugins compatible for Editor in 68.61 ms, found 1 plugins.
Preloading 0 native plugins for Editor in 0.00 ms.
Initialize engine version: 2021.1.2f1 (e5d502d80fbb)
[Subsystems] Discovering subsystems at path C:/Program Files/Unity 2021.1.2f1/Editor/Data/Resources/UnitySubsystems
[Subsystems] Discovering subsystems at path C:/Users/Chloe/Desktop/test/Assets
GfxDevice: creating device client; threaded=0; jobified=0
Direct3D:
    Version:  Direct3D 11.0 [level 11.1]
    Renderer: NVIDIA GeForce GTX 1660 Ti (ID=0x2191)
    Vendor:   NVIDIA
    VRAM:     5991 MB
    Driver:   27.21.14.5256
Initialize mono
Mono path[0] = 'C:/Program Files/Unity 2021.1.2f1/Editor/Data/Managed'
Mono path[1] = 'C:/Program Files/Unity 2021.1.2f1/Editor/Data/MonoBleedingEdge/lib/mono/unityjit'
Mono config path = 'C:/Program Files/Unity 2021.1.2f1/Editor/Data/MonoBleedingEdge/etc'
Using monoOptions --debugger-agent=transport=dt_socket,embedding=1,server=y,suspend=n,address=127.0.0.1:56160
Begin MonoManager ReloadAssembly
Registering precompiled unity dll's ...
Register platform support module: C:/Program Files/Unity 2021.1.2f1/Editor/Data/PlaybackEngines/WebGLSupport/UnityEditor.WebGL.Extensions.dll
Register platform support module: C:/Program Files/Unity 2021.1.2f1/Editor/Data/PlaybackEngines/WindowsStandaloneSupport/UnityEditor.WindowsStandalone.Extensions.dll
Registered in 0.002067 seconds.
Native extension for WindowsStandalone target not found
Native extension for WebGL target not found
Refreshing native plugins compatible for Editor in 68.92 ms, found 1 plugins.
Preloading 0 native plugins for Editor in 0.00 ms.
Mono: successfully reloaded assembly
- Completed reload, in  1.082 seconds
Platform modules already initialized, skipping
Registering precompiled user dll's ...
Registered in 0.002992 seconds.
Begin MonoManager ReloadAssembly
Native extension for WindowsStandalone target not found
Native extension for WebGL target not found
Refreshing native plugins compatible for Editor in 0.53 ms, found 1 plugins.
Preloading 0 native plugins for Editor in 0.00 ms.
Mono: successfully reloaded assembly
- Completed reload, in  0.941 seconds
Platform modules already initialized, skipping
========================================================================
Worker process is ready to serve import requests
Launched and connected shader compiler UnityShaderCompiler.exe after 0.03 seconds
Refreshing native plugins compatible for Editor in 0.60 ms, found 1 plugins.
Preloading 0 native plugins for Editor in 0.00 ms.
Unloading 3194 Unused Serialized files (Serialized files now loaded: 0)
System memory in use before: 126.2 MB.
System memory in use after: 126.3 MB.

Unloading 93 unused Assets to reduce memory usage. Loaded Objects now: 3632.
Total: 2.561700 ms (FindLiveObjects: 0.365000 ms CreateObjectMapping: 0.270300 ms MarkObjects: 1.685900 ms  DeleteObjects: 0.239900 ms)

========================================================================
Received Import Request.
  path: Assets/MEDIA/POSTER 2.mat
  artifactKey: Guid(66ddb3b694da52544823ddb54c040145) Importer(815301076,1909f56bfc062723c751e8b465ee728b)
Start importing Assets/MEDIA/POSTER 2.mat using Guid(66ddb3b694da52544823ddb54c040145) Importer(815301076,1909f56bfc062723c751e8b465ee728b)  -> (artifact id: 'e4e606d0ea9168f0569fdf0991ada41c') in 0.082953 seconds 
========================================================================
Received Import Request.
  Time since last request: 0.000111 seconds.
  path: Assets/MEDIA/POSTER 1.mat
  artifactKey: Guid(250dc38fb0a15794db2a3b54de6e46ad) Importer(815301076,1909f56bfc062723c751e8b465ee728b)
Start importing Assets/MEDIA/POSTER 1.mat using Guid(250dc38fb0a15794db2a3b54de6e46ad) Importer(815301076,1909f56bfc062723c751e8b465ee728b)  -> (artifact id: 'a11529189d610ecfa3d860b7aedde2fb') in 0.009287 seconds 
========================================================================
Received Import Request.
  Time since last request: 231.434672 seconds.
  path: Assets/MEDIA/New Render Texture.renderTexture
  artifactKey: Guid(af9245077c849964fa8c401310325e9a) Importer(815301076,1909f56bfc062723c751e8b465ee728b)
Start importing Assets/MEDIA/New Render Texture.renderTexture using Guid(af9245077c849964fa8c401310325e9a) Importer(815301076,1909f56bfc062723c751e8b465ee728b)  -> (artifact id: 'd761bec099afea24d8f2f365930bf5b0') in 0.022922 seconds 
========================================================================
Received Import Request.
  Time since last request: 48.993192 seconds.
  path: Assets/MEDIA/New Render Texture.renderTexture
  artifactKey: Guid(af9245077c849964fa8c401310325e9a) Importer(815301076,1909f56bfc062723c751e8b465ee728b)
Start importing Assets/MEDIA/New Render Texture.renderTexture using Guid(af9245077c849964fa8c401310325e9a) Importer(815301076,1909f56bfc062723c751e8b465ee728b)  -> (artifact id: '840a5a432235c7f38bfb0ee39524a396') in 0.018931 seconds 
========================================================================
Received Import Request.
  Time since last request: 4730.762642 seconds.
  path: Assets/MEDIA/test on Roundme 和其他 8 個頁面 - 個人 - Microsoft​ Edge 2021-04-11 15-20-52.mp4
  artifactKey: Guid(577d47973d5411b40b513399fdc17f15) Importer(815301076,1909f56bfc062723c751e8b465ee728b)
Start importing Assets/MEDIA/test on Roundme 和其他 8 個頁面 - 個人 - Microsoft​ Edge 2021-04-11 15-20-52.mp4 using Guid(577d47973d5411b40b513399fdc17f15) Importer(815301076,1909f56bfc062723c751e8b465ee728b)  -> (artifact id: 'cf4b3be200d09502f8203210008ce3f3') in 0.009685 seconds 
========================================================================
Received Prepare
Registering precompiled user dll's ...
Registered in 0.002746 seconds.
Begin MonoManager ReloadAssembly
Native extension for WindowsStandalone target not found
Native extension for WebGL target not found
Refreshing native plugins compatible for Editor in 0.52 ms, found 1 plugins.
Preloading 0 native plugins for Editor in 0.00 ms.
Warning: Annotation not found!
UnityEngine.StackTraceUtility:ExtractStackTrace ()
UnityEditor.ProBuilder.EditorUtility:SetGizmoIconEnabled (System.Type,bool) (at Library/PackageCache/com.unity.probuilder@5.0.3/Editor/EditorCore/EditorUtility.cs:575)
UnityEditor.ProBuilder.HierarchyListener:.cctor () (at Library/PackageCache/com.unity.probuilder@5.0.3/Editor/EditorCore/HierarchyListener.cs:21)
System.Runtime.CompilerServices.RuntimeHelpers:RunClassConstructor (System.RuntimeTypeHandle)
UnityEditor.EditorAssemblies:ProcessInitializeOnLoadAttributes (System.Type[])

[Library/PackageCache/com.unity.probuilder@5.0.3/Editor/EditorCore/EditorUtility.cs line 575]

Mono: successfully reloaded assembly
- Completed reload, in  0.772 seconds
Platform modules already initialized, skipping
Refreshing native plugins compatible for Editor in 0.52 ms, found 1 plugins.
Preloading 0 native plugins for Editor in 0.00 ms.
Unloading 3124 Unused Serialized files (Serialized files now loaded: 0)
System memory in use before: 125.0 MB.
System memory in use after: 125.2 MB.

Unloading 10 unused Assets to reduce memory usage. Loaded Objects now: 3708.
Total: 2.204600 ms (FindLiveObjects: 0.266300 ms CreateObjectMapping: 0.135100 ms MarkObjects: 1.679900 ms  DeleteObjects: 0.122300 ms)

========================================================================
Received Prepare
Registering precompiled user dll's ...
Registered in 0.003031 seconds.
Begin MonoManager ReloadAssembly
Native extension for WindowsStandalone target not found
Native extension for WebGL target not found
Refreshing native plugins compatible for Editor in 0.53 ms, found 1 plugins.
Preloading 0 native plugins for Editor in 0.00 ms.
Warning: Annotation not found!
UnityEngine.StackTraceUtility:ExtractStackTrace ()
UnityEditor.ProBuilder.EditorUtility:SetGizmoIconEnabled (System.Type,bool) (at Library/PackageCache/com.unity.probuilder@5.0.3/Editor/EditorCore/EditorUtility.cs:575)
UnityEditor.ProBuilder.HierarchyListener:.cctor () (at Library/PackageCache/com.unity.probuilder@5.0.3/Editor/EditorCore/HierarchyListener.cs:21)
System.Runtime.CompilerServices.RuntimeHelpers:RunClassConstructor (System.RuntimeTypeHandle)
UnityEditor.EditorAssemblies:ProcessInitializeOnLoadAttributes (System.Type[])

[Library/PackageCache/com.unity.probuilder@5.0.3/Editor/EditorCore/EditorUtility.cs line 575]

Mono: successfully reloaded assembly
- Completed reload, in  0.775 seconds
Platform modules already initialized, skipping
Refreshing native plugins compatible for Editor in 0.62 ms, found 1 plugins.
Preloading 0 native plugins for Editor in 0.00 ms.
Unloading 3170 Unused Serialized files (Serialized files now loaded: 0)
System memory in use before: 127.9 MB.
System memory in use after: 127.5 MB.

Unloading 23 unused Assets to reduce memory usage. Loaded Objects now: 3745.
Total: 3.158300 ms (FindLiveObjects: 0.290300 ms CreateObjectMapping: 0.206000 ms MarkObjects: 2.354300 ms  DeleteObjects: 0.306500 ms)

========================================================================
Received Prepare
Registering precompiled user dll's ...
Registered in 0.002849 seconds.
Begin MonoManager ReloadAssembly
Native extension for WindowsStandalone target not found
Native extension for WebGL target not found
Refreshing native plugins compatible for Editor in 0.56 ms, found 1 plugins.
Preloading 0 native plugins for Editor in 0.00 ms.
Warning: Annotation not found!
UnityEngine.StackTraceUtility:ExtractStackTrace ()
UnityEditor.ProBuilder.EditorUtility:SetGizmoIconEnabled (System.Type,bool) (at Library/PackageCache/com.unity.probuilder@5.0.3/Editor/EditorCore/EditorUtility.cs:575)
UnityEditor.ProBuilder.HierarchyListener:.cctor () (at Library/PackageCache/com.unity.probuilder@5.0.3/Editor/EditorCore/HierarchyListener.cs:21)
System.Runtime.CompilerServices.RuntimeHelpers:RunClassConstructor (System.RuntimeTypeHandle)
UnityEditor.EditorAssemblies:ProcessInitializeOnLoadAttributes (System.Type[])

[Library/PackageCache/com.unity.probuilder@5.0.3/Editor/EditorCore/EditorUtility.cs line 575]

Mono: successfully reloaded assembly
- Completed reload, in  0.770 seconds
Platform modules already initialized, skipping
Refreshing native plugins compatible for Editor in 0.54 ms, found 1 plugins.
Preloading 0 native plugins for Editor in 0.00 ms.
Unloading 3170 Unused Serialized files (Serialized files now loaded: 0)
System memory in use before: 127.9 MB.
System memory in use after: 127.5 MB.

Unloading 23 unused Assets to reduce memory usage. Loaded Objects now: 3748.
Total: 2.882000 ms (FindLiveObjects: 0.252600 ms CreateObjectMapping: 0.227900 ms MarkObjects: 2.158600 ms  DeleteObjects: 0.242300 ms)

========================================================================
Received Prepare
Refreshing native plugins compatible for Editor in 2.31 ms, found 1 plugins.
Preloading 0 native plugins for Editor in 0.00 ms.
Unloading 21 Unused Serialized files (Serialized files now loaded: 0)
System memory in use before: 65.5 MB.
System memory in use after: 65.1 MB.

Unloading 21 unused Assets to reduce memory usage. Loaded Objects now: 3748.
Total: 5.727600 ms (FindLiveObjects: 0.431900 ms CreateObjectMapping: 0.225800 ms MarkObjects: 4.622300 ms  DeleteObjects: 0.446100 ms)

========================================================================
Received Prepare
Trying to reload asset but can't find object on disk

Refreshing native plugins compatible for Editor in 1.91 ms, found 1 plugins.
Preloading 0 native plugins for Editor in 0.00 ms.
Unloading 21 Unused Serialized files (Serialized files now loaded: 0)
System memory in use before: 65.6 MB.
System memory in use after: 65.2 MB.

Unloading 21 unused Assets to reduce memory usage. Loaded Objects now: 3748.
Total: 4.770800 ms (FindLiveObjects: 0.363500 ms CreateObjectMapping: 0.226500 ms MarkObjects: 3.873000 ms  DeleteObjects: 0.306700 ms)

AssetImportWorkerClient::OnTransportError - code=2 error=End of file
