Program called with the following parameters:
 * downscale = 2
 * exportIntermediateResults = 0
 * imagesFolder = "C:/Users/Chloe/Desktop/meshroom/0501/MeshroomCache/PrepareDenseScene/4338d06a4b9ea692ad8e705188441079ed731036"
 * input = "C:/Users/Chloe/Desktop/meshroom/0501/MeshroomCache/StructureFromMotion/46ee6e5b3997b81bf11384f68b8a646e69a5f1c7/sfm.abc"
 * maxViewAngle = 70
 * minViewAngle = 2
 * nbGPUs = 0
 * output = "C:/Users/Chloe/Desktop/meshroom/0501/MeshroomCache/DepthMap/1a0cd10b04a53f876efe2b85c9f57e8d9c6dd0e8"
 * rangeSize = 3
 * rangeStart = 30
 * refineGammaC = 15.5
 * refineGammaP = 8
 * refineMaxTCams = 6
 * refineNDepthsToRefine = 31
 * refineNSamplesHalf = 150
 * refineNiters = 100
 * refineSigma = 15
 * refineUseTcOrRcPixSize = 0
 * refineWSH = 3
 * sgmGammaC = 5.5
 * sgmGammaP = 8
 * sgmMaxTCams = 10
 * sgmWSH = 4
 * verboseLevel = "info"

[20:58:49.754628][info] CUDA-Enabled GPU.
Device information:
	- id:                      0
	- name:                    GeForce GTX 1660 Ti
	- compute capability:      7.5
	- total device memory:     6144 MB 
	- device memory available: 5154 MB 
	- per-block shared memory: 49152
	- warp size:               32
	- max threads per block:   1024
	- max threads per SM(X):   1024
	- max block sizes:         {1024,1024,64}
	- max grid sizes:          {2147483647,65535,65535}
	- max 2D array texture:    {131072,65536}
	- max 3D array texture:    {16384,16384,16384}
	- max 2D linear texture:   {131072,65000,2097120}
	- max 2D layered texture:  {32768,32768,2048}
	- number of SM(x)s:        24
	- registers per SM(x):     65536
	- registers per block:     65536
	- concurrent kernels:      yes
	- mapping host memory:     yes
	- unified addressing:      yes
	- texture alignment:       512 byte
	- pitch alignment:         32 byte
[20:58:49.890927][info] Supported CUDA-Enabled GPU detected.
[20:58:50.145248][info] Found 1 image dimension(s): 
[20:58:50.145248][info] 	- [3744x5616]
[20:58:50.246595][info] Overall maximum dimension: [3744x5616]
[20:58:50.246595][info] Create depth maps.
number of CUDA devices:	1
   0: GeForce GTX 1660 Ti
[20:58:50.247593][info] # GPU devices: 1, # CPU threads: 12
[20:58:50.247593][info] Plane sweeping parameters:
	- scale: 2
	- step: 5
[20:58:50.247593][info] PlaneSweepingCuda:
	- _nImgsInGPUAtTime: 2
	- scales: 2
	- subPixel: Yes
	- varianceWSH: 4
CUDA device no 0 for 0
Device 0 memory - used: 989.437500, free: 5154.562500, total: 6144.000000
Device 0 memory - used: 1190.562500, free: 4953.437500, total: 6144.000000
[20:59:01.227332][info] Estimate depth map, view id: 1131280040
Device 0 memory - used: 1395.687500, free: 4748.312500, total: 6144.000000
total size of volume map in GPU memory: 205.078125
nDepths 1500, nDepthsToSearch 1500 
ps_computeSimilarityVolume elapsed time: 6.000000 ms 
Device 0 memory - used: 1395.687500, free: 4748.312500, total: 6144.000000
total size of volume map in GPU memory: 205.078125
nDepths 1500, nDepthsToSearch 1500 
ps_computeSimilarityVolume elapsed time: 6.000000 ms 
Device 0 memory - used: 1395.687500, free: 4748.312500, total: 6144.000000
total size of volume map in GPU memory: 205.078125
nDepths 1500, nDepthsToSearch 1500 
ps_computeSimilarityVolume elapsed time: 6.000000 ms 
Device 0 memory - used: 1395.687500, free: 4748.312500, total: 6144.000000
total size of volume map in GPU memory: 205.078125
nDepths 1500, nDepthsToSearch 1500 
ps_computeSimilarityVolume elapsed time: 6.000000 ms 
Device 0 memory - used: 1353.437500, free: 4790.562500, total: 6144.000000
total size of volume map in GPU memory: 162.832031
nDepths 1191, nDepthsToSearch 1191 
ps_computeSimilarityVolume elapsed time: 6.000000 ms 
Device 0 memory - used: 1395.687500, free: 4748.312500, total: 6144.000000
total size of volume map in GPU memory: 205.078125
nDepths 1500, nDepthsToSearch 1500 
ps_computeSimilarityVolume elapsed time: 6.000000 ms 
Device 0 memory - used: 1395.687500, free: 4748.312500, total: 6144.000000
total size of volume map in GPU memory: 205.078125
nDepths 1500, nDepthsToSearch 1500 
ps_computeSimilarityVolume elapsed time: 5.000000 ms 
Device 0 memory - used: 1371.625000, free: 4772.375000, total: 6144.000000
total size of volume map in GPU memory: 181.015625
nDepths 1324, nDepthsToSearch 1324 
ps_computeSimilarityVolume elapsed time: 5.000000 ms 
Device 0 memory - used: 1347.562500, free: 4796.437500, total: 6144.000000
total size of volume map in GPU memory: 156.953125
nDepths 1148, nDepthsToSearch 1148 
ps_computeSimilarityVolume elapsed time: 5.000000 ms 
Device 0 memory - used: 1369.687500, free: 4774.312500, total: 6144.000000
total size of volume map in GPU memory: 179.101562
nDepths 1310, nDepthsToSearch 1310 
ps_computeSimilarityVolume elapsed time: 6.000000 ms 
ps_SGMoptimizeSimVolume
ps_updateAggrVolume
ps_aggregatePathVolume
ps_aggregatePathVolume done
ps_updateAggrVolume done
ps_updateAggrVolume
ps_aggregatePathVolume
ps_aggregatePathVolume done
ps_updateAggrVolume done
ps_updateAggrVolume
ps_aggregatePathVolume
ps_aggregatePathVolume done
ps_updateAggrVolume done
ps_updateAggrVolume
ps_aggregatePathVolume
ps_aggregatePathVolume done
ps_updateAggrVolume done
SGM volume gpu elapsed time: 544.000000 ms 
ps_SGMoptimizeSimVolume done
[20:59:15.043560][info] Refine depth map, view id: 1131280040
gpu elapsed time: 398.000000 ms 
gpu elapsed time: 412.000000 ms 
gpu elapsed time: 419.000000 ms 
gpu elapsed time: 408.000000 ms 
gpu elapsed time: 406.000000 ms 
gpu elapsed time: 418.000000 ms 
gpu elapsed time: 416.000000 ms 
gpu elapsed time: 388.000000 ms 
gpu elapsed time: 392.000000 ms 
gpu elapsed time: 421.000000 ms 
gpu elapsed time: 424.000000 ms 
gpu elapsed time: 382.000000 ms 
gpu elapsed time: 401.000000 ms 
gpu elapsed time: 415.000000 ms 
gpu elapsed time: 424.000000 ms 
gpu elapsed time: 395.000000 ms 
gpu elapsed time: 362.000000 ms 
gpu elapsed time: 390.000000 ms 
gpu elapsed time: 409.000000 ms 
gpu elapsed time: 401.000000 ms 
gpu elapsed time: 411.000000 ms 
gpu elapsed time: 423.000000 ms 
gpu elapsed time: 424.000000 ms 
gpu elapsed time: 412.000000 ms 
gpu elapsed time: 321.000000 ms 
gpu elapsed time: 323.000000 ms 
gpu elapsed time: 321.000000 ms 
gpu elapsed time: 319.000000 ms 
rc: 30, gpu elapsed time: 157.000000 ms 
rc: 30, gpu elapsed time: 158.000000 ms 
rc: 30, gpu elapsed time: 157.000000 ms 
rc: 30, gpu elapsed time: 153.000000 ms 
[20:59:34.230969][info] Estimate depth map, view id: 1181452377
Device 0 memory - used: 1365.750000, free: 4778.250000, total: 6144.000000
total size of volume map in GPU memory: 175.136719
nDepths 1281, nDepthsToSearch 1281 
ps_computeSimilarityVolume elapsed time: 6.000000 ms 
Device 0 memory - used: 1389.375000, free: 4754.625000, total: 6144.000000
total size of volume map in GPU memory: 198.789062
nDepths 1454, nDepthsToSearch 1454 
ps_computeSimilarityVolume elapsed time: 5.000000 ms 
Device 0 memory - used: 1331.687500, free: 4812.312500, total: 6144.000000
total size of volume map in GPU memory: 141.093750
nDepths 1032, nDepthsToSearch 1032 
ps_computeSimilarityVolume elapsed time: 4.000000 ms 
Device 0 memory - used: 1393.875000, free: 4750.125000, total: 6144.000000
total size of volume map in GPU memory: 203.300781
nDepths 1487, nDepthsToSearch 1487 
ps_computeSimilarityVolume elapsed time: 6.000000 ms 
Device 0 memory - used: 1336.312500, free: 4807.687500, total: 6144.000000
total size of volume map in GPU memory: 145.742188
nDepths 1066, nDepthsToSearch 1066 
ps_computeSimilarityVolume elapsed time: 4.000000 ms 
Device 0 memory - used: 1393.875000, free: 4750.125000, total: 6144.000000
total size of volume map in GPU memory: 203.300781
nDepths 1487, nDepthsToSearch 1487 
ps_computeSimilarityVolume elapsed time: 6.000000 ms 
Device 0 memory - used: 1393.875000, free: 4750.125000, total: 6144.000000
total size of volume map in GPU memory: 203.300781
nDepths 1487, nDepthsToSearch 1487 
ps_computeSimilarityVolume elapsed time: 6.000000 ms 
Device 0 memory - used: 1353.125000, free: 4790.875000, total: 6144.000000
total size of volume map in GPU memory: 162.558594
nDepths 1189, nDepthsToSearch 1189 
ps_computeSimilarityVolume elapsed time: 5.000000 ms 
Device 0 memory - used: 1358.062500, free: 4785.937500, total: 6144.000000
total size of volume map in GPU memory: 167.480469
nDepths 1225, nDepthsToSearch 1225 
ps_computeSimilarityVolume elapsed time: 4.000000 ms 
Device 0 memory - used: 1354.937500, free: 4789.062500, total: 6144.000000
total size of volume map in GPU memory: 164.335938
nDepths 1202, nDepthsToSearch 1202 
ps_computeSimilarityVolume elapsed time: 7.000000 ms 
ps_SGMoptimizeSimVolume
ps_updateAggrVolume
ps_aggregatePathVolume
ps_aggregatePathVolume done
ps_updateAggrVolume done
ps_updateAggrVolume
ps_aggregatePathVolume
ps_aggregatePathVolume done
ps_updateAggrVolume done
ps_updateAggrVolume
ps_aggregatePathVolume
ps_aggregatePathVolume done
ps_updateAggrVolume done
ps_updateAggrVolume
ps_aggregatePathVolume
ps_aggregatePathVolume done
ps_updateAggrVolume done
SGM volume gpu elapsed time: 430.000000 ms 
ps_SGMoptimizeSimVolume done
[20:59:45.841877][info] Refine depth map, view id: 1181452377
gpu elapsed time: 418.000000 ms 
gpu elapsed time: 426.000000 ms 
gpu elapsed time: 425.000000 ms 
gpu elapsed time: 398.000000 ms 
gpu elapsed time: 389.000000 ms 
gpu elapsed time: 424.000000 ms 
gpu elapsed time: 426.000000 ms 
gpu elapsed time: 398.000000 ms 
gpu elapsed time: 386.000000 ms 
gpu elapsed time: 422.000000 ms 
gpu elapsed time: 426.000000 ms 
gpu elapsed time: 390.000000 ms 
gpu elapsed time: 410.000000 ms 
gpu elapsed time: 427.000000 ms 
gpu elapsed time: 426.000000 ms 
gpu elapsed time: 395.000000 ms 
gpu elapsed time: 408.000000 ms 
gpu elapsed time: 425.000000 ms 
gpu elapsed time: 423.000000 ms 
gpu elapsed time: 363.000000 ms 
gpu elapsed time: 417.000000 ms 
gpu elapsed time: 426.000000 ms 
gpu elapsed time: 425.000000 ms 
gpu elapsed time: 401.000000 ms 
gpu elapsed time: 320.000000 ms 
gpu elapsed time: 321.000000 ms 
gpu elapsed time: 321.000000 ms 
gpu elapsed time: 317.000000 ms 
rc: 31, gpu elapsed time: 156.000000 ms 
rc: 31, gpu elapsed time: 157.000000 ms 
rc: 31, gpu elapsed time: 158.000000 ms 
rc: 31, gpu elapsed time: 155.000000 ms 
[21:00:11.969846][info] Estimate depth map, view id: 1188149958
Device 0 memory - used: 1360.812500, free: 4783.187500, total: 6144.000000
total size of volume map in GPU memory: 170.214844
nDepths 1245, nDepthsToSearch 1245 
ps_computeSimilarityVolume elapsed time: 6.000000 ms 
Device 0 memory - used: 1360.812500, free: 4783.187500, total: 6144.000000
total size of volume map in GPU memory: 170.214844
nDepths 1245, nDepthsToSearch 1245 
ps_computeSimilarityVolume elapsed time: 6.000000 ms 
Device 0 memory - used: 1316.375000, free: 4827.625000, total: 6144.000000
total size of volume map in GPU memory: 125.781250
nDepths 920, nDepthsToSearch 920 
ps_computeSimilarityVolume elapsed time: 5.000000 ms 
Device 0 memory - used: 1360.812500, free: 4783.187500, total: 6144.000000
total size of volume map in GPU memory: 170.214844
nDepths 1245, nDepthsToSearch 1245 
ps_computeSimilarityVolume elapsed time: 6.000000 ms 
Device 0 memory - used: 1360.812500, free: 4783.187500, total: 6144.000000
total size of volume map in GPU memory: 170.214844
nDepths 1245, nDepthsToSearch 1245 
ps_computeSimilarityVolume elapsed time: 6.000000 ms 
Device 0 memory - used: 1360.812500, free: 4783.187500, total: 6144.000000
total size of volume map in GPU memory: 170.214844
nDepths 1245, nDepthsToSearch 1245 
ps_computeSimilarityVolume elapsed time: 6.000000 ms 
Device 0 memory - used: 1337.312500, free: 4806.687500, total: 6144.000000
total size of volume map in GPU memory: 146.699219
nDepths 1073, nDepthsToSearch 1073 
ps_computeSimilarityVolume elapsed time: 4.000000 ms 
Device 0 memory - used: 1337.437500, free: 4806.562500, total: 6144.000000
total size of volume map in GPU memory: 146.835938
nDepths 1074, nDepthsToSearch 1074 
ps_computeSimilarityVolume elapsed time: 5.000000 ms 
Device 0 memory - used: 1317.437500, free: 4826.562500, total: 6144.000000
total size of volume map in GPU memory: 126.875000
nDepths 928, nDepthsToSearch 928 
ps_computeSimilarityVolume elapsed time: 4.000000 ms 
Device 0 memory - used: 1328.000000, free: 4816.000000, total: 6144.000000
total size of volume map in GPU memory: 137.402344
nDepths 1005, nDepthsToSearch 1005 
ps_computeSimilarityVolume elapsed time: 5.000000 ms 
ps_SGMoptimizeSimVolume
ps_updateAggrVolume
ps_aggregatePathVolume
ps_aggregatePathVolume done
ps_updateAggrVolume done
ps_updateAggrVolume
ps_aggregatePathVolume
ps_aggregatePathVolume done
ps_updateAggrVolume done
ps_updateAggrVolume
ps_aggregatePathVolume
ps_aggregatePathVolume done
ps_updateAggrVolume done
ps_updateAggrVolume
ps_aggregatePathVolume
ps_aggregatePathVolume done
ps_updateAggrVolume done
SGM volume gpu elapsed time: 367.000000 ms 
ps_SGMoptimizeSimVolume done
[21:00:23.185671][info] Refine depth map, view id: 1188149958
gpu elapsed time: 408.000000 ms 
gpu elapsed time: 426.000000 ms 
gpu elapsed time: 425.000000 ms 
gpu elapsed time: 413.000000 ms 
gpu elapsed time: 409.000000 ms 
gpu elapsed time: 413.000000 ms 
gpu elapsed time: 415.000000 ms 
gpu elapsed time: 396.000000 ms 
gpu elapsed time: 411.000000 ms 
gpu elapsed time: 426.000000 ms 
gpu elapsed time: 426.000000 ms 
gpu elapsed time: 411.000000 ms 
gpu elapsed time: 267.000000 ms 
gpu elapsed time: 418.000000 ms 
gpu elapsed time: 423.000000 ms 
gpu elapsed time: 336.000000 ms 
gpu elapsed time: 305.000000 ms 
gpu elapsed time: 424.000000 ms 
gpu elapsed time: 426.000000 ms 
gpu elapsed time: 377.000000 ms 
gpu elapsed time: 400.000000 ms 
gpu elapsed time: 418.000000 ms 
gpu elapsed time: 423.000000 ms 
gpu elapsed time: 364.000000 ms 
gpu elapsed time: 321.000000 ms 
gpu elapsed time: 321.000000 ms 
gpu elapsed time: 324.000000 ms 
gpu elapsed time: 317.000000 ms 
rc: 32, gpu elapsed time: 158.000000 ms 
rc: 32, gpu elapsed time: 156.000000 ms 
rc: 32, gpu elapsed time: 157.000000 ms 
rc: 32, gpu elapsed time: 153.000000 ms 
[21:00:37.880454][info] Task done in (s): 108.127000
