Program called with the following parameters:
 * downscale = 2
 * exportIntermediateResults = 0
 * imagesFolder = "C:/Users/Chloe/Desktop/meshroom/0501/MeshroomCache/PrepareDenseScene/4338d06a4b9ea692ad8e705188441079ed731036"
 * input = "C:/Users/Chloe/Desktop/meshroom/0501/MeshroomCache/StructureFromMotion/46ee6e5b3997b81bf11384f68b8a646e69a5f1c7/sfm.abc"
 * maxViewAngle = 70
 * minViewAngle = 2
 * nbGPUs = 0
 * output = "C:/Users/Chloe/Desktop/meshroom/0501/MeshroomCache/DepthMap/1a0cd10b04a53f876efe2b85c9f57e8d9c6dd0e8"
 * rangeSize = 3
 * rangeStart = 33
 * refineGammaC = 15.5
 * refineGammaP = 8
 * refineMaxTCams = 6
 * refineNDepthsToRefine = 31
 * refineNSamplesHalf = 150
 * refineNiters = 100
 * refineSigma = 15
 * refineUseTcOrRcPixSize = 0
 * refineWSH = 3
 * sgmGammaC = 5.5
 * sgmGammaP = 8
 * sgmMaxTCams = 10
 * sgmWSH = 4
 * verboseLevel = "info"

[21:00:38.241873][info] CUDA-Enabled GPU.
Device information:
	- id:                      0
	- name:                    GeForce GTX 1660 Ti
	- compute capability:      7.5
	- total device memory:     6144 MB 
	- device memory available: 5154 MB 
	- per-block shared memory: 49152
	- warp size:               32
	- max threads per block:   1024
	- max threads per SM(X):   1024
	- max block sizes:         {1024,1024,64}
	- max grid sizes:          {2147483647,65535,65535}
	- max 2D array texture:    {131072,65536}
	- max 3D array texture:    {16384,16384,16384}
	- max 2D linear texture:   {131072,65000,2097120}
	- max 2D layered texture:  {32768,32768,2048}
	- number of SM(x)s:        24
	- registers per SM(x):     65536
	- registers per block:     65536
	- concurrent kernels:      yes
	- mapping host memory:     yes
	- unified addressing:      yes
	- texture alignment:       512 byte
	- pitch alignment:         32 byte
[21:00:38.377844][info] Supported CUDA-Enabled GPU detected.
[21:00:38.635155][info] Found 1 image dimension(s): 
[21:00:38.635155][info] 	- [3744x5616]
[21:00:38.740171][info] Overall maximum dimension: [3744x5616]
[21:00:38.740171][info] Create depth maps.
number of CUDA devices:	1
   0: GeForce GTX 1660 Ti
[21:00:38.740171][info] # GPU devices: 1, # CPU threads: 12
[21:00:38.740171][info] Plane sweeping parameters:
	- scale: 2
	- step: 5
[21:00:38.740171][info] PlaneSweepingCuda:
	- _nImgsInGPUAtTime: 2
	- scales: 2
	- subPixel: Yes
	- varianceWSH: 4
CUDA device no 0 for 0
Device 0 memory - used: 989.437500, free: 5154.562500, total: 6144.000000
Device 0 memory - used: 1190.562500, free: 4953.437500, total: 6144.000000
[21:00:49.713879][info] Estimate depth map, view id: 1250754834
Device 0 memory - used: 1395.687500, free: 4748.312500, total: 6144.000000
total size of volume map in GPU memory: 205.078125
nDepths 1500, nDepthsToSearch 1500 
ps_computeSimilarityVolume elapsed time: 6.000000 ms 
Device 0 memory - used: 1395.687500, free: 4748.312500, total: 6144.000000
total size of volume map in GPU memory: 205.078125
nDepths 1500, nDepthsToSearch 1500 
ps_computeSimilarityVolume elapsed time: 6.000000 ms 
Device 0 memory - used: 1395.687500, free: 4748.312500, total: 6144.000000
total size of volume map in GPU memory: 205.078125
nDepths 1500, nDepthsToSearch 1500 
ps_computeSimilarityVolume elapsed time: 6.000000 ms 
Device 0 memory - used: 1395.687500, free: 4748.312500, total: 6144.000000
total size of volume map in GPU memory: 205.078125
nDepths 1500, nDepthsToSearch 1500 
ps_computeSimilarityVolume elapsed time: 6.000000 ms 
Device 0 memory - used: 1395.687500, free: 4748.312500, total: 6144.000000
total size of volume map in GPU memory: 205.078125
nDepths 1500, nDepthsToSearch 1500 
ps_computeSimilarityVolume elapsed time: 6.000000 ms 
Device 0 memory - used: 1363.562500, free: 4780.437500, total: 6144.000000
total size of volume map in GPU memory: 172.949219
nDepths 1265, nDepthsToSearch 1265 
ps_computeSimilarityVolume elapsed time: 5.000000 ms 
Device 0 memory - used: 1395.687500, free: 4748.312500, total: 6144.000000
total size of volume map in GPU memory: 205.078125
nDepths 1500, nDepthsToSearch 1500 
ps_computeSimilarityVolume elapsed time: 5.000000 ms 
Device 0 memory - used: 1332.750000, free: 4811.250000, total: 6144.000000
total size of volume map in GPU memory: 142.187500
nDepths 1040, nDepthsToSearch 1040 
ps_computeSimilarityVolume elapsed time: 5.000000 ms 
Device 0 memory - used: 1360.125000, free: 4783.875000, total: 6144.000000
total size of volume map in GPU memory: 169.531250
nDepths 1240, nDepthsToSearch 1240 
ps_computeSimilarityVolume elapsed time: 5.000000 ms 
Device 0 memory - used: 1363.375000, free: 4780.625000, total: 6144.000000
total size of volume map in GPU memory: 172.812500
nDepths 1264, nDepthsToSearch 1264 
ps_computeSimilarityVolume elapsed time: 6.000000 ms 
ps_SGMoptimizeSimVolume
ps_updateAggrVolume
ps_aggregatePathVolume
ps_aggregatePathVolume done
ps_updateAggrVolume done
ps_updateAggrVolume
ps_aggregatePathVolume
ps_aggregatePathVolume done
ps_updateAggrVolume done
ps_updateAggrVolume
ps_aggregatePathVolume
ps_aggregatePathVolume done
ps_updateAggrVolume done
ps_updateAggrVolume
ps_aggregatePathVolume
ps_aggregatePathVolume done
ps_updateAggrVolume done
SGM volume gpu elapsed time: 548.000000 ms 
ps_SGMoptimizeSimVolume done
[21:01:03.019929][info] Refine depth map, view id: 1250754834
gpu elapsed time: 399.000000 ms 
gpu elapsed time: 420.000000 ms 
gpu elapsed time: 425.000000 ms 
gpu elapsed time: 390.000000 ms 
gpu elapsed time: 410.000000 ms 
gpu elapsed time: 420.000000 ms 
gpu elapsed time: 411.000000 ms 
gpu elapsed time: 377.000000 ms 
gpu elapsed time: 405.000000 ms 
gpu elapsed time: 411.000000 ms 
gpu elapsed time: 413.000000 ms 
gpu elapsed time: 301.000000 ms 
gpu elapsed time: 416.000000 ms 
gpu elapsed time: 422.000000 ms 
gpu elapsed time: 414.000000 ms 
gpu elapsed time: 293.000000 ms 
gpu elapsed time: 409.000000 ms 
gpu elapsed time: 422.000000 ms 
gpu elapsed time: 400.000000 ms 
gpu elapsed time: 366.000000 ms 
gpu elapsed time: 396.000000 ms 
gpu elapsed time: 423.000000 ms 
gpu elapsed time: 426.000000 ms 
gpu elapsed time: 386.000000 ms 
gpu elapsed time: 320.000000 ms 
gpu elapsed time: 324.000000 ms 
gpu elapsed time: 323.000000 ms 
gpu elapsed time: 319.000000 ms 
rc: 33, gpu elapsed time: 156.000000 ms 
rc: 33, gpu elapsed time: 158.000000 ms 
rc: 33, gpu elapsed time: 158.000000 ms 
rc: 33, gpu elapsed time: 153.000000 ms 
[21:01:24.205457][info] Estimate depth map, view id: 1251118023
Device 0 memory - used: 1395.687500, free: 4748.312500, total: 6144.000000
total size of volume map in GPU memory: 205.078125
nDepths 1500, nDepthsToSearch 1500 
ps_computeSimilarityVolume elapsed time: 6.000000 ms 
Device 0 memory - used: 1395.687500, free: 4748.312500, total: 6144.000000
total size of volume map in GPU memory: 205.078125
nDepths 1500, nDepthsToSearch 1500 
ps_computeSimilarityVolume elapsed time: 6.000000 ms 
Device 0 memory - used: 1395.687500, free: 4748.312500, total: 6144.000000
total size of volume map in GPU memory: 205.078125
nDepths 1500, nDepthsToSearch 1500 
ps_computeSimilarityVolume elapsed time: 7.000000 ms 
Device 0 memory - used: 1353.125000, free: 4790.875000, total: 6144.000000
total size of volume map in GPU memory: 162.558594
nDepths 1189, nDepthsToSearch 1189 
ps_computeSimilarityVolume elapsed time: 5.000000 ms 
Device 0 memory - used: 1373.250000, free: 4770.750000, total: 6144.000000
total size of volume map in GPU memory: 182.656250
nDepths 1336, nDepthsToSearch 1336 
ps_computeSimilarityVolume elapsed time: 6.000000 ms 
Device 0 memory - used: 1395.687500, free: 4748.312500, total: 6144.000000
total size of volume map in GPU memory: 205.078125
nDepths 1500, nDepthsToSearch 1500 
ps_computeSimilarityVolume elapsed time: 6.000000 ms 
Device 0 memory - used: 1395.687500, free: 4748.312500, total: 6144.000000
total size of volume map in GPU memory: 205.078125
nDepths 1500, nDepthsToSearch 1500 
ps_computeSimilarityVolume elapsed time: 6.000000 ms 
Device 0 memory - used: 1383.750000, free: 4760.250000, total: 6144.000000
total size of volume map in GPU memory: 193.183594
nDepths 1413, nDepthsToSearch 1413 
ps_computeSimilarityVolume elapsed time: 6.000000 ms 
Device 0 memory - used: 1324.562500, free: 4819.437500, total: 6144.000000
total size of volume map in GPU memory: 133.984375
nDepths 980, nDepthsToSearch 980 
ps_computeSimilarityVolume elapsed time: 5.000000 ms 
Device 0 memory - used: 1379.562500, free: 4764.437500, total: 6144.000000
total size of volume map in GPU memory: 188.945312
nDepths 1382, nDepthsToSearch 1382 
ps_computeSimilarityVolume elapsed time: 6.000000 ms 
ps_SGMoptimizeSimVolume
ps_updateAggrVolume
ps_aggregatePathVolume
ps_aggregatePathVolume done
ps_updateAggrVolume done
ps_updateAggrVolume
ps_aggregatePathVolume
ps_aggregatePathVolume done
ps_updateAggrVolume done
ps_updateAggrVolume
ps_aggregatePathVolume
ps_aggregatePathVolume done
ps_updateAggrVolume done
ps_updateAggrVolume
ps_aggregatePathVolume
ps_aggregatePathVolume done
ps_updateAggrVolume done
SGM volume gpu elapsed time: 573.000000 ms 
ps_SGMoptimizeSimVolume done
[21:01:37.493517][info] Refine depth map, view id: 1251118023
gpu elapsed time: 358.000000 ms 
gpu elapsed time: 410.000000 ms 
gpu elapsed time: 426.000000 ms 
gpu elapsed time: 404.000000 ms 
gpu elapsed time: 383.000000 ms 
gpu elapsed time: 414.000000 ms 
gpu elapsed time: 421.000000 ms 
gpu elapsed time: 410.000000 ms 
gpu elapsed time: 355.000000 ms 
gpu elapsed time: 420.000000 ms 
gpu elapsed time: 417.000000 ms 
gpu elapsed time: 399.000000 ms 
gpu elapsed time: 305.000000 ms 
gpu elapsed time: 380.000000 ms 
gpu elapsed time: 423.000000 ms 
gpu elapsed time: 405.000000 ms 
gpu elapsed time: 393.000000 ms 
gpu elapsed time: 411.000000 ms 
gpu elapsed time: 425.000000 ms 
gpu elapsed time: 390.000000 ms 
gpu elapsed time: 411.000000 ms 
gpu elapsed time: 425.000000 ms 
gpu elapsed time: 424.000000 ms 
gpu elapsed time: 401.000000 ms 
gpu elapsed time: 322.000000 ms 
gpu elapsed time: 323.000000 ms 
gpu elapsed time: 322.000000 ms 
gpu elapsed time: 319.000000 ms 
rc: 34, gpu elapsed time: 156.000000 ms 
rc: 34, gpu elapsed time: 158.000000 ms 
rc: 34, gpu elapsed time: 157.000000 ms 
rc: 34, gpu elapsed time: 153.000000 ms 
[21:01:59.885294][info] Estimate depth map, view id: 1301581350
Device 0 memory - used: 1328.562500, free: 4815.437500, total: 6144.000000
total size of volume map in GPU memory: 137.949219
nDepths 1009, nDepthsToSearch 1009 
ps_computeSimilarityVolume elapsed time: 5.000000 ms 
Device 0 memory - used: 1328.562500, free: 4815.437500, total: 6144.000000
total size of volume map in GPU memory: 137.949219
nDepths 1009, nDepthsToSearch 1009 
ps_computeSimilarityVolume elapsed time: 4.000000 ms 
Device 0 memory - used: 1328.562500, free: 4815.437500, total: 6144.000000
total size of volume map in GPU memory: 137.949219
nDepths 1009, nDepthsToSearch 1009 
ps_computeSimilarityVolume elapsed time: 4.000000 ms 
Device 0 memory - used: 1261.937500, free: 4882.062500, total: 6144.000000
total size of volume map in GPU memory: 71.367188
nDepths 522, nDepthsToSearch 522 
ps_computeSimilarityVolume elapsed time: 4.000000 ms 
Device 0 memory - used: 1328.562500, free: 4815.437500, total: 6144.000000
total size of volume map in GPU memory: 137.949219
nDepths 1009, nDepthsToSearch 1009 
ps_computeSimilarityVolume elapsed time: 4.000000 ms 
Device 0 memory - used: 1306.937500, free: 4837.062500, total: 6144.000000
total size of volume map in GPU memory: 116.347656
nDepths 851, nDepthsToSearch 851 
ps_computeSimilarityVolume elapsed time: 4.000000 ms 
Device 0 memory - used: 1328.562500, free: 4815.437500, total: 6144.000000
total size of volume map in GPU memory: 137.949219
nDepths 1009, nDepthsToSearch 1009 
ps_computeSimilarityVolume elapsed time: 4.000000 ms 
Device 0 memory - used: 1283.437500, free: 4860.562500, total: 6144.000000
total size of volume map in GPU memory: 92.832031
nDepths 679, nDepthsToSearch 679 
ps_computeSimilarityVolume elapsed time: 4.000000 ms 
Device 0 memory - used: 1328.562500, free: 4815.437500, total: 6144.000000
total size of volume map in GPU memory: 137.949219
nDepths 1009, nDepthsToSearch 1009 
ps_computeSimilarityVolume elapsed time: 5.000000 ms 
Device 0 memory - used: 1328.562500, free: 4815.437500, total: 6144.000000
total size of volume map in GPU memory: 137.949219
nDepths 1009, nDepthsToSearch 1009 
ps_computeSimilarityVolume elapsed time: 5.000000 ms 
ps_SGMoptimizeSimVolume
ps_updateAggrVolume
ps_aggregatePathVolume
ps_aggregatePathVolume done
ps_updateAggrVolume done
ps_updateAggrVolume
ps_aggregatePathVolume
ps_aggregatePathVolume done
ps_updateAggrVolume done
ps_updateAggrVolume
ps_aggregatePathVolume
ps_aggregatePathVolume done
ps_updateAggrVolume done
ps_updateAggrVolume
ps_aggregatePathVolume
ps_aggregatePathVolume done
ps_updateAggrVolume done
SGM volume gpu elapsed time: 296.000000 ms 
ps_SGMoptimizeSimVolume done
[21:02:09.032625][info] Refine depth map, view id: 1301581350
gpu elapsed time: 424.000000 ms 
gpu elapsed time: 425.000000 ms 
gpu elapsed time: 425.000000 ms 
gpu elapsed time: 406.000000 ms 
gpu elapsed time: 413.000000 ms 
gpu elapsed time: 426.000000 ms 
gpu elapsed time: 425.000000 ms 
gpu elapsed time: 406.000000 ms 
gpu elapsed time: 404.000000 ms 
gpu elapsed time: 424.000000 ms 
gpu elapsed time: 427.000000 ms 
gpu elapsed time: 406.000000 ms 
gpu elapsed time: 424.000000 ms 
gpu elapsed time: 425.000000 ms 
gpu elapsed time: 424.000000 ms 
gpu elapsed time: 411.000000 ms 
gpu elapsed time: 418.000000 ms 
gpu elapsed time: 427.000000 ms 
gpu elapsed time: 426.000000 ms 
gpu elapsed time: 402.000000 ms 
gpu elapsed time: 384.000000 ms 
gpu elapsed time: 423.000000 ms 
gpu elapsed time: 425.000000 ms 
gpu elapsed time: 405.000000 ms 
gpu elapsed time: 322.000000 ms 
gpu elapsed time: 323.000000 ms 
gpu elapsed time: 320.000000 ms 
gpu elapsed time: 316.000000 ms 
rc: 35, gpu elapsed time: 157.000000 ms 
rc: 35, gpu elapsed time: 157.000000 ms 
rc: 35, gpu elapsed time: 157.000000 ms 
rc: 35, gpu elapsed time: 154.000000 ms 
[21:02:24.154184][info] Task done in (s): 105.913000
