Program called with the following parameters:
 * downscale = 2
 * exportIntermediateResults = 0
 * imagesFolder = "C:/Users/Chloe/Desktop/meshroom/0501/MeshroomCache/PrepareDenseScene/4338d06a4b9ea692ad8e705188441079ed731036"
 * input = "C:/Users/Chloe/Desktop/meshroom/0501/MeshroomCache/StructureFromMotion/46ee6e5b3997b81bf11384f68b8a646e69a5f1c7/sfm.abc"
 * maxViewAngle = 70
 * minViewAngle = 2
 * nbGPUs = 0
 * output = "C:/Users/Chloe/Desktop/meshroom/0501/MeshroomCache/DepthMap/1a0cd10b04a53f876efe2b85c9f57e8d9c6dd0e8"
 * rangeSize = 3
 * rangeStart = 45
 * refineGammaC = 15.5
 * refineGammaP = 8
 * refineMaxTCams = 6
 * refineNDepthsToRefine = 31
 * refineNSamplesHalf = 150
 * refineNiters = 100
 * refineSigma = 15
 * refineUseTcOrRcPixSize = 0
 * refineWSH = 3
 * sgmGammaC = 5.5
 * sgmGammaP = 8
 * sgmMaxTCams = 10
 * sgmWSH = 4
 * verboseLevel = "info"

[21:07:57.553606][info] CUDA-Enabled GPU.
Device information:
	- id:                      0
	- name:                    GeForce GTX 1660 Ti
	- compute capability:      7.5
	- total device memory:     6144 MB 
	- device memory available: 5154 MB 
	- per-block shared memory: 49152
	- warp size:               32
	- max threads per block:   1024
	- max threads per SM(X):   1024
	- max block sizes:         {1024,1024,64}
	- max grid sizes:          {2147483647,65535,65535}
	- max 2D array texture:    {131072,65536}
	- max 3D array texture:    {16384,16384,16384}
	- max 2D linear texture:   {131072,65000,2097120}
	- max 2D layered texture:  {32768,32768,2048}
	- number of SM(x)s:        24
	- registers per SM(x):     65536
	- registers per block:     65536
	- concurrent kernels:      yes
	- mapping host memory:     yes
	- unified addressing:      yes
	- texture alignment:       512 byte
	- pitch alignment:         32 byte
[21:07:57.685283][info] Supported CUDA-Enabled GPU detected.
[21:07:57.957928][info] Found 1 image dimension(s): 
[21:07:57.957928][info] 	- [3744x5616]
[21:07:58.067269][info] Overall maximum dimension: [3744x5616]
[21:07:58.067269][info] Create depth maps.
number of CUDA devices:	1
   0: GeForce GTX 1660 Ti
[21:07:58.068261][info] # GPU devices: 1, # CPU threads: 12
[21:07:58.068261][info] Plane sweeping parameters:
	- scale: 2
	- step: 5
[21:07:58.068261][info] PlaneSweepingCuda:
	- _nImgsInGPUAtTime: 2
	- scales: 2
	- subPixel: Yes
	- varianceWSH: 4
CUDA device no 0 for 0
Device 0 memory - used: 989.437500, free: 5154.562500, total: 6144.000000
Device 0 memory - used: 1190.562500, free: 4953.437500, total: 6144.000000
[21:08:10.644890][info] Estimate depth map, view id: 1620460939
Device 0 memory - used: 1329.750000, free: 4814.250000, total: 6144.000000
total size of volume map in GPU memory: 139.179688
nDepths 1018, nDepthsToSearch 1018 
ps_computeSimilarityVolume elapsed time: 5.000000 ms 
Device 0 memory - used: 1324.000000, free: 4820.000000, total: 6144.000000
total size of volume map in GPU memory: 133.437500
nDepths 976, nDepthsToSearch 976 
ps_computeSimilarityVolume elapsed time: 5.000000 ms 
Device 0 memory - used: 1330.750000, free: 4813.250000, total: 6144.000000
total size of volume map in GPU memory: 140.136719
nDepths 1025, nDepthsToSearch 1025 
ps_computeSimilarityVolume elapsed time: 5.000000 ms 
Device 0 memory - used: 1330.750000, free: 4813.250000, total: 6144.000000
total size of volume map in GPU memory: 140.136719
nDepths 1025, nDepthsToSearch 1025 
ps_computeSimilarityVolume elapsed time: 5.000000 ms 
Device 0 memory - used: 1330.750000, free: 4813.250000, total: 6144.000000
total size of volume map in GPU memory: 140.136719
nDepths 1025, nDepthsToSearch 1025 
ps_computeSimilarityVolume elapsed time: 5.000000 ms 
Device 0 memory - used: 1330.750000, free: 4813.250000, total: 6144.000000
total size of volume map in GPU memory: 140.136719
nDepths 1025, nDepthsToSearch 1025 
ps_computeSimilarityVolume elapsed time: 5.000000 ms 
Device 0 memory - used: 1305.562500, free: 4838.437500, total: 6144.000000
total size of volume map in GPU memory: 114.980469
nDepths 841, nDepthsToSearch 841 
ps_computeSimilarityVolume elapsed time: 4.000000 ms 
Device 0 memory - used: 1329.625000, free: 4814.375000, total: 6144.000000
total size of volume map in GPU memory: 139.042969
nDepths 1017, nDepthsToSearch 1017 
ps_computeSimilarityVolume elapsed time: 4.000000 ms 
Device 0 memory - used: 1330.750000, free: 4813.250000, total: 6144.000000
total size of volume map in GPU memory: 140.136719
nDepths 1025, nDepthsToSearch 1025 
ps_computeSimilarityVolume elapsed time: 4.000000 ms 
Device 0 memory - used: 1330.750000, free: 4813.250000, total: 6144.000000
total size of volume map in GPU memory: 140.136719
nDepths 1025, nDepthsToSearch 1025 
ps_computeSimilarityVolume elapsed time: 4.000000 ms 
ps_SGMoptimizeSimVolume
ps_updateAggrVolume
ps_aggregatePathVolume
ps_aggregatePathVolume done
ps_updateAggrVolume done
ps_updateAggrVolume
ps_aggregatePathVolume
ps_aggregatePathVolume done
ps_updateAggrVolume done
ps_updateAggrVolume
ps_aggregatePathVolume
ps_aggregatePathVolume done
ps_updateAggrVolume done
ps_updateAggrVolume
ps_aggregatePathVolume
ps_aggregatePathVolume done
ps_updateAggrVolume done
SGM volume gpu elapsed time: 302.000000 ms 
ps_SGMoptimizeSimVolume done
[21:08:21.757437][info] Refine depth map, view id: 1620460939
gpu elapsed time: 429.000000 ms 
gpu elapsed time: 426.000000 ms 
gpu elapsed time: 423.000000 ms 
gpu elapsed time: 409.000000 ms 
gpu elapsed time: 404.000000 ms 
gpu elapsed time: 419.000000 ms 
gpu elapsed time: 420.000000 ms 
gpu elapsed time: 404.000000 ms 
gpu elapsed time: 424.000000 ms 
gpu elapsed time: 427.000000 ms 
gpu elapsed time: 426.000000 ms 
gpu elapsed time: 405.000000 ms 
gpu elapsed time: 428.000000 ms 
gpu elapsed time: 427.000000 ms 
gpu elapsed time: 427.000000 ms 
gpu elapsed time: 407.000000 ms 
gpu elapsed time: 368.000000 ms 
gpu elapsed time: 425.000000 ms 
gpu elapsed time: 424.000000 ms 
gpu elapsed time: 383.000000 ms 
gpu elapsed time: 360.000000 ms 
gpu elapsed time: 427.000000 ms 
gpu elapsed time: 427.000000 ms 
gpu elapsed time: 412.000000 ms 
gpu elapsed time: 323.000000 ms 
gpu elapsed time: 322.000000 ms 
gpu elapsed time: 324.000000 ms 
gpu elapsed time: 318.000000 ms 
rc: 45, gpu elapsed time: 158.000000 ms 
rc: 45, gpu elapsed time: 159.000000 ms 
rc: 45, gpu elapsed time: 160.000000 ms 
rc: 45, gpu elapsed time: 154.000000 ms 
[21:08:48.558889][info] Estimate depth map, view id: 1624581214
Device 0 memory - used: 1395.687500, free: 4748.312500, total: 6144.000000
total size of volume map in GPU memory: 205.078125
nDepths 1500, nDepthsToSearch 1500 
ps_computeSimilarityVolume elapsed time: 7.000000 ms 
Device 0 memory - used: 1395.687500, free: 4748.312500, total: 6144.000000
total size of volume map in GPU memory: 205.078125
nDepths 1500, nDepthsToSearch 1500 
ps_computeSimilarityVolume elapsed time: 7.000000 ms 
Device 0 memory - used: 1395.687500, free: 4748.312500, total: 6144.000000
total size of volume map in GPU memory: 205.078125
nDepths 1500, nDepthsToSearch 1500 
ps_computeSimilarityVolume elapsed time: 5.000000 ms 
Device 0 memory - used: 1392.000000, free: 4752.000000, total: 6144.000000
total size of volume map in GPU memory: 201.386719
nDepths 1473, nDepthsToSearch 1473 
ps_computeSimilarityVolume elapsed time: 6.000000 ms 
Device 0 memory - used: 1395.687500, free: 4748.312500, total: 6144.000000
total size of volume map in GPU memory: 205.078125
nDepths 1500, nDepthsToSearch 1500 
ps_computeSimilarityVolume elapsed time: 7.000000 ms 
Device 0 memory - used: 1395.687500, free: 4748.312500, total: 6144.000000
total size of volume map in GPU memory: 205.078125
nDepths 1500, nDepthsToSearch 1500 
ps_computeSimilarityVolume elapsed time: 7.000000 ms 
Device 0 memory - used: 1395.687500, free: 4748.312500, total: 6144.000000
total size of volume map in GPU memory: 205.078125
nDepths 1500, nDepthsToSearch 1500 
ps_computeSimilarityVolume elapsed time: 7.000000 ms 
Device 0 memory - used: 1382.437500, free: 4761.562500, total: 6144.000000
total size of volume map in GPU memory: 191.816406
nDepths 1403, nDepthsToSearch 1403 
ps_computeSimilarityVolume elapsed time: 5.000000 ms 
Device 0 memory - used: 1395.687500, free: 4748.312500, total: 6144.000000
total size of volume map in GPU memory: 205.078125
nDepths 1500, nDepthsToSearch 1500 
ps_computeSimilarityVolume elapsed time: 6.000000 ms 
Device 0 memory - used: 1349.750000, free: 4794.250000, total: 6144.000000
total size of volume map in GPU memory: 159.140625
nDepths 1164, nDepthsToSearch 1164 
ps_computeSimilarityVolume elapsed time: 5.000000 ms 
ps_SGMoptimizeSimVolume
ps_updateAggrVolume
ps_aggregatePathVolume
ps_aggregatePathVolume done
ps_updateAggrVolume done
ps_updateAggrVolume
ps_aggregatePathVolume
ps_aggregatePathVolume done
ps_updateAggrVolume done
ps_updateAggrVolume
ps_aggregatePathVolume
ps_aggregatePathVolume done
ps_updateAggrVolume done
ps_updateAggrVolume
ps_aggregatePathVolume
ps_aggregatePathVolume done
ps_updateAggrVolume done
SGM volume gpu elapsed time: 602.000000 ms 
ps_SGMoptimizeSimVolume done
[21:09:02.823909][info] Refine depth map, view id: 1624581214
gpu elapsed time: 403.000000 ms 
gpu elapsed time: 424.000000 ms 
gpu elapsed time: 418.000000 ms 
gpu elapsed time: 343.000000 ms 
gpu elapsed time: 410.000000 ms 
gpu elapsed time: 425.000000 ms 
gpu elapsed time: 420.000000 ms 
gpu elapsed time: 401.000000 ms 
gpu elapsed time: 382.000000 ms 
gpu elapsed time: 418.000000 ms 
gpu elapsed time: 422.000000 ms 
gpu elapsed time: 401.000000 ms 
gpu elapsed time: 398.000000 ms 
gpu elapsed time: 423.000000 ms 
gpu elapsed time: 387.000000 ms 
gpu elapsed time: 310.000000 ms 
gpu elapsed time: 368.000000 ms 
gpu elapsed time: 399.000000 ms 
gpu elapsed time: 400.000000 ms 
gpu elapsed time: 306.000000 ms 
gpu elapsed time: 390.000000 ms 
gpu elapsed time: 419.000000 ms 
gpu elapsed time: 377.000000 ms 
gpu elapsed time: 285.000000 ms 
gpu elapsed time: 324.000000 ms 
gpu elapsed time: 325.000000 ms 
gpu elapsed time: 324.000000 ms 
gpu elapsed time: 321.000000 ms 
rc: 46, gpu elapsed time: 157.000000 ms 
rc: 46, gpu elapsed time: 157.000000 ms 
rc: 46, gpu elapsed time: 158.000000 ms 
rc: 46, gpu elapsed time: 153.000000 ms 
[21:09:29.447757][info] Estimate depth map, view id: 1629425265
Device 0 memory - used: 1395.687500, free: 4748.312500, total: 6144.000000
total size of volume map in GPU memory: 205.078125
nDepths 1500, nDepthsToSearch 1500 
ps_computeSimilarityVolume elapsed time: 7.000000 ms 
Device 0 memory - used: 1395.687500, free: 4748.312500, total: 6144.000000
total size of volume map in GPU memory: 205.078125
nDepths 1500, nDepthsToSearch 1500 
ps_computeSimilarityVolume elapsed time: 7.000000 ms 
Device 0 memory - used: 1375.437500, free: 4768.562500, total: 6144.000000
total size of volume map in GPU memory: 184.843750
nDepths 1352, nDepthsToSearch 1352 
ps_computeSimilarityVolume elapsed time: 6.000000 ms 
Device 0 memory - used: 1395.687500, free: 4748.312500, total: 6144.000000
total size of volume map in GPU memory: 205.078125
nDepths 1500, nDepthsToSearch 1500 
ps_computeSimilarityVolume elapsed time: 6.000000 ms 
Device 0 memory - used: 1395.687500, free: 4748.312500, total: 6144.000000
total size of volume map in GPU memory: 205.078125
nDepths 1500, nDepthsToSearch 1500 
ps_computeSimilarityVolume elapsed time: 7.000000 ms 
Device 0 memory - used: 1395.687500, free: 4748.312500, total: 6144.000000
total size of volume map in GPU memory: 205.078125
nDepths 1500, nDepthsToSearch 1500 
ps_computeSimilarityVolume elapsed time: 6.000000 ms 
Device 0 memory - used: 1361.750000, free: 4782.250000, total: 6144.000000
total size of volume map in GPU memory: 171.171875
nDepths 1252, nDepthsToSearch 1252 
ps_computeSimilarityVolume elapsed time: 6.000000 ms 
Device 0 memory - used: 1395.687500, free: 4748.312500, total: 6144.000000
total size of volume map in GPU memory: 205.078125
nDepths 1500, nDepthsToSearch 1500 
ps_computeSimilarityVolume elapsed time: 7.000000 ms 
Device 0 memory - used: 1354.000000, free: 4790.000000, total: 6144.000000
total size of volume map in GPU memory: 163.378906
nDepths 1195, nDepthsToSearch 1195 
ps_computeSimilarityVolume elapsed time: 6.000000 ms 
Device 0 memory - used: 1377.500000, free: 4766.500000, total: 6144.000000
total size of volume map in GPU memory: 186.894531
nDepths 1367, nDepthsToSearch 1367 
ps_computeSimilarityVolume elapsed time: 7.000000 ms 
ps_SGMoptimizeSimVolume
ps_updateAggrVolume
ps_aggregatePathVolume
ps_aggregatePathVolume done
ps_updateAggrVolume done
ps_updateAggrVolume
ps_aggregatePathVolume
ps_aggregatePathVolume done
ps_updateAggrVolume done
ps_updateAggrVolume
ps_aggregatePathVolume
ps_aggregatePathVolume done
ps_updateAggrVolume done
ps_updateAggrVolume
ps_aggregatePathVolume
ps_aggregatePathVolume done
ps_updateAggrVolume done
SGM volume gpu elapsed time: 570.000000 ms 
ps_SGMoptimizeSimVolume done
[21:09:43.592852][info] Refine depth map, view id: 1629425265
gpu elapsed time: 402.000000 ms 
gpu elapsed time: 423.000000 ms 
gpu elapsed time: 425.000000 ms 
gpu elapsed time: 382.000000 ms 
gpu elapsed time: 388.000000 ms 
gpu elapsed time: 406.000000 ms 
gpu elapsed time: 422.000000 ms 
gpu elapsed time: 338.000000 ms 
gpu elapsed time: 393.000000 ms 
gpu elapsed time: 425.000000 ms 
gpu elapsed time: 421.000000 ms 
gpu elapsed time: 386.000000 ms 
gpu elapsed time: 415.000000 ms 
gpu elapsed time: 421.000000 ms 
gpu elapsed time: 420.000000 ms 
gpu elapsed time: 376.000000 ms 
gpu elapsed time: 369.000000 ms 
gpu elapsed time: 396.000000 ms 
gpu elapsed time: 412.000000 ms 
gpu elapsed time: 381.000000 ms 
gpu elapsed time: 397.000000 ms 
gpu elapsed time: 421.000000 ms 
gpu elapsed time: 407.000000 ms 
gpu elapsed time: 394.000000 ms 
gpu elapsed time: 322.000000 ms 
gpu elapsed time: 324.000000 ms 
gpu elapsed time: 323.000000 ms 
gpu elapsed time: 319.000000 ms 
rc: 47, gpu elapsed time: 157.000000 ms 
rc: 47, gpu elapsed time: 158.000000 ms 
rc: 47, gpu elapsed time: 159.000000 ms 
rc: 47, gpu elapsed time: 153.000000 ms 
[21:09:58.599030][info] Task done in (s): 121.047000
