Program called with the following parameters:
 * downscale = 2
 * exportIntermediateResults = 0
 * imagesFolder = "C:/Users/Chloe/Desktop/meshroom/0501/MeshroomCache/PrepareDenseScene/4338d06a4b9ea692ad8e705188441079ed731036"
 * input = "C:/Users/Chloe/Desktop/meshroom/0501/MeshroomCache/StructureFromMotion/46ee6e5b3997b81bf11384f68b8a646e69a5f1c7/sfm.abc"
 * maxViewAngle = 70
 * minViewAngle = 2
 * nbGPUs = 0
 * output = "C:/Users/Chloe/Desktop/meshroom/0501/MeshroomCache/DepthMap/1a0cd10b04a53f876efe2b85c9f57e8d9c6dd0e8"
 * rangeSize = 3
 * rangeStart = 54
 * refineGammaC = 15.5
 * refineGammaP = 8
 * refineMaxTCams = 6
 * refineNDepthsToRefine = 31
 * refineNSamplesHalf = 150
 * refineNiters = 100
 * refineSigma = 15
 * refineUseTcOrRcPixSize = 0
 * refineWSH = 3
 * sgmGammaC = 5.5
 * sgmGammaP = 8
 * sgmMaxTCams = 10
 * sgmWSH = 4
 * verboseLevel = "info"

[21:13:49.912890][info] CUDA-Enabled GPU.
Device information:
	- id:                      0
	- name:                    GeForce GTX 1660 Ti
	- compute capability:      7.5
	- total device memory:     6144 MB 
	- device memory available: 5154 MB 
	- per-block shared memory: 49152
	- warp size:               32
	- max threads per block:   1024
	- max threads per SM(X):   1024
	- max block sizes:         {1024,1024,64}
	- max grid sizes:          {2147483647,65535,65535}
	- max 2D array texture:    {131072,65536}
	- max 3D array texture:    {16384,16384,16384}
	- max 2D linear texture:   {131072,65000,2097120}
	- max 2D layered texture:  {32768,32768,2048}
	- number of SM(x)s:        24
	- registers per SM(x):     65536
	- registers per block:     65536
	- concurrent kernels:      yes
	- mapping host memory:     yes
	- unified addressing:      yes
	- texture alignment:       512 byte
	- pitch alignment:         32 byte
[21:13:50.052538][info] Supported CUDA-Enabled GPU detected.
[21:13:50.320621][info] Found 1 image dimension(s): 
[21:13:50.320621][info] 	- [3744x5616]
[21:13:50.418354][info] Overall maximum dimension: [3744x5616]
[21:13:50.418354][info] Create depth maps.
number of CUDA devices:	1
   0: GeForce GTX 1660 Ti
[21:13:50.418354][info] # GPU devices: 1, # CPU threads: 12
[21:13:50.418354][info] Plane sweeping parameters:
	- scale: 2
	- step: 5
[21:13:50.418354][info] PlaneSweepingCuda:
	- _nImgsInGPUAtTime: 2
	- scales: 2
	- subPixel: Yes
	- varianceWSH: 4
CUDA device no 0 for 0
Device 0 memory - used: 989.437500, free: 5154.562500, total: 6144.000000
Device 0 memory - used: 1190.562500, free: 4953.437500, total: 6144.000000
[21:14:02.682839][info] Estimate depth map, view id: 1774124545
Device 0 memory - used: 1376.375000, free: 4767.625000, total: 6144.000000
total size of volume map in GPU memory: 185.800781
nDepths 1359, nDepthsToSearch 1359 
ps_computeSimilarityVolume elapsed time: 7.000000 ms 
Device 0 memory - used: 1376.375000, free: 4767.625000, total: 6144.000000
total size of volume map in GPU memory: 185.800781
nDepths 1359, nDepthsToSearch 1359 
ps_computeSimilarityVolume elapsed time: 6.000000 ms 
Device 0 memory - used: 1376.375000, free: 4767.625000, total: 6144.000000
total size of volume map in GPU memory: 185.800781
nDepths 1359, nDepthsToSearch 1359 
ps_computeSimilarityVolume elapsed time: 5.000000 ms 
Device 0 memory - used: 1364.750000, free: 4779.250000, total: 6144.000000
total size of volume map in GPU memory: 174.179688
nDepths 1274, nDepthsToSearch 1274 
ps_computeSimilarityVolume elapsed time: 7.000000 ms 
Device 0 memory - used: 1376.375000, free: 4767.625000, total: 6144.000000
total size of volume map in GPU memory: 185.800781
nDepths 1359, nDepthsToSearch 1359 
ps_computeSimilarityVolume elapsed time: 7.000000 ms 
Device 0 memory - used: 1376.375000, free: 4767.625000, total: 6144.000000
total size of volume map in GPU memory: 185.800781
nDepths 1359, nDepthsToSearch 1359 
ps_computeSimilarityVolume elapsed time: 5.000000 ms 
Device 0 memory - used: 1346.312500, free: 4797.687500, total: 6144.000000
total size of volume map in GPU memory: 155.722656
nDepths 1139, nDepthsToSearch 1139 
ps_computeSimilarityVolume elapsed time: 5.000000 ms 
Device 0 memory - used: 1336.500000, free: 4807.500000, total: 6144.000000
total size of volume map in GPU memory: 145.878906
nDepths 1067, nDepthsToSearch 1067 
ps_computeSimilarityVolume elapsed time: 5.000000 ms 
Device 0 memory - used: 1333.187500, free: 4810.812500, total: 6144.000000
total size of volume map in GPU memory: 142.597656
nDepths 1043, nDepthsToSearch 1043 
ps_computeSimilarityVolume elapsed time: 5.000000 ms 
Device 0 memory - used: 1321.562500, free: 4822.437500, total: 6144.000000
total size of volume map in GPU memory: 130.976562
nDepths 958, nDepthsToSearch 958 
ps_computeSimilarityVolume elapsed time: 5.000000 ms 
ps_SGMoptimizeSimVolume
ps_updateAggrVolume
ps_aggregatePathVolume
ps_aggregatePathVolume done
ps_updateAggrVolume done
ps_updateAggrVolume
ps_aggregatePathVolume
ps_aggregatePathVolume done
ps_updateAggrVolume done
ps_updateAggrVolume
ps_aggregatePathVolume
ps_aggregatePathVolume done
ps_updateAggrVolume done
ps_updateAggrVolume
ps_aggregatePathVolume
ps_aggregatePathVolume done
ps_updateAggrVolume done
SGM volume gpu elapsed time: 399.000000 ms 
ps_SGMoptimizeSimVolume done
[21:14:14.800770][info] Refine depth map, view id: 1774124545
gpu elapsed time: 342.000000 ms 
gpu elapsed time: 415.000000 ms 
gpu elapsed time: 425.000000 ms 
gpu elapsed time: 411.000000 ms 
gpu elapsed time: 397.000000 ms 
gpu elapsed time: 411.000000 ms 
gpu elapsed time: 401.000000 ms 
gpu elapsed time: 375.000000 ms 
gpu elapsed time: 370.000000 ms 
gpu elapsed time: 395.000000 ms 
gpu elapsed time: 392.000000 ms 
gpu elapsed time: 313.000000 ms 
gpu elapsed time: 382.000000 ms 
gpu elapsed time: 420.000000 ms 
gpu elapsed time: 425.000000 ms 
gpu elapsed time: 400.000000 ms 
gpu elapsed time: 366.000000 ms 
gpu elapsed time: 411.000000 ms 
gpu elapsed time: 394.000000 ms 
gpu elapsed time: 355.000000 ms 
gpu elapsed time: 320.000000 ms 
gpu elapsed time: 384.000000 ms 
gpu elapsed time: 401.000000 ms 
gpu elapsed time: 375.000000 ms 
gpu elapsed time: 324.000000 ms 
gpu elapsed time: 325.000000 ms 
gpu elapsed time: 324.000000 ms 
gpu elapsed time: 320.000000 ms 
rc: 54, gpu elapsed time: 156.000000 ms 
rc: 54, gpu elapsed time: 157.000000 ms 
rc: 54, gpu elapsed time: 158.000000 ms 
rc: 54, gpu elapsed time: 152.000000 ms 
[21:14:31.492185][info] Estimate depth map, view id: 1906181529
Device 0 memory - used: 1353.687500, free: 4790.312500, total: 6144.000000
total size of volume map in GPU memory: 163.105469
nDepths 1193, nDepthsToSearch 1193 
ps_computeSimilarityVolume elapsed time: 6.000000 ms 
Device 0 memory - used: 1353.687500, free: 4790.312500, total: 6144.000000
total size of volume map in GPU memory: 163.105469
nDepths 1193, nDepthsToSearch 1193 
ps_computeSimilarityVolume elapsed time: 5.000000 ms 
Device 0 memory - used: 1352.750000, free: 4791.250000, total: 6144.000000
total size of volume map in GPU memory: 162.148438
nDepths 1186, nDepthsToSearch 1186 
ps_computeSimilarityVolume elapsed time: 6.000000 ms 
Device 0 memory - used: 1353.687500, free: 4790.312500, total: 6144.000000
total size of volume map in GPU memory: 163.105469
nDepths 1193, nDepthsToSearch 1193 
ps_computeSimilarityVolume elapsed time: 6.000000 ms 
Device 0 memory - used: 1326.187500, free: 4817.812500, total: 6144.000000
total size of volume map in GPU memory: 135.625000
nDepths 992, nDepthsToSearch 992 
ps_computeSimilarityVolume elapsed time: 5.000000 ms 
Device 0 memory - used: 1353.687500, free: 4790.312500, total: 6144.000000
total size of volume map in GPU memory: 163.105469
nDepths 1193, nDepthsToSearch 1193 
ps_computeSimilarityVolume elapsed time: 6.000000 ms 
Device 0 memory - used: 1342.187500, free: 4801.812500, total: 6144.000000
total size of volume map in GPU memory: 151.621094
nDepths 1109, nDepthsToSearch 1109 
ps_computeSimilarityVolume elapsed time: 4.000000 ms 
Device 0 memory - used: 1325.375000, free: 4818.625000, total: 6144.000000
total size of volume map in GPU memory: 134.804688
nDepths 986, nDepthsToSearch 986 
ps_computeSimilarityVolume elapsed time: 5.000000 ms 
Device 0 memory - used: 1350.687500, free: 4793.312500, total: 6144.000000
total size of volume map in GPU memory: 160.097656
nDepths 1171, nDepthsToSearch 1171 
ps_computeSimilarityVolume elapsed time: 6.000000 ms 
Device 0 memory - used: 1323.625000, free: 4820.375000, total: 6144.000000
total size of volume map in GPU memory: 133.027344
nDepths 973, nDepthsToSearch 973 
ps_computeSimilarityVolume elapsed time: 5.000000 ms 
ps_SGMoptimizeSimVolume
ps_updateAggrVolume
ps_aggregatePathVolume
ps_aggregatePathVolume done
ps_updateAggrVolume done
ps_updateAggrVolume
ps_aggregatePathVolume
ps_aggregatePathVolume done
ps_updateAggrVolume done
ps_updateAggrVolume
ps_aggregatePathVolume
ps_aggregatePathVolume done
ps_updateAggrVolume done
ps_updateAggrVolume
ps_aggregatePathVolume
ps_aggregatePathVolume done
ps_updateAggrVolume done
SGM volume gpu elapsed time: 353.000000 ms 
ps_SGMoptimizeSimVolume done
[21:14:42.097458][info] Refine depth map, view id: 1906181529
gpu elapsed time: 384.000000 ms 
gpu elapsed time: 426.000000 ms 
gpu elapsed time: 427.000000 ms 
gpu elapsed time: 398.000000 ms 
gpu elapsed time: 421.000000 ms 
gpu elapsed time: 428.000000 ms 
gpu elapsed time: 426.000000 ms 
gpu elapsed time: 410.000000 ms 
gpu elapsed time: 373.000000 ms 
gpu elapsed time: 419.000000 ms 
gpu elapsed time: 426.000000 ms 
gpu elapsed time: 374.000000 ms 
gpu elapsed time: 391.000000 ms 
gpu elapsed time: 427.000000 ms 
gpu elapsed time: 427.000000 ms 
gpu elapsed time: 375.000000 ms 
gpu elapsed time: 385.000000 ms 
gpu elapsed time: 424.000000 ms 
gpu elapsed time: 415.000000 ms 
gpu elapsed time: 361.000000 ms 
gpu elapsed time: 373.000000 ms 
gpu elapsed time: 428.000000 ms 
gpu elapsed time: 427.000000 ms 
gpu elapsed time: 413.000000 ms 
gpu elapsed time: 322.000000 ms 
gpu elapsed time: 322.000000 ms 
gpu elapsed time: 325.000000 ms 
gpu elapsed time: 319.000000 ms 
rc: 55, gpu elapsed time: 157.000000 ms 
rc: 55, gpu elapsed time: 158.000000 ms 
rc: 55, gpu elapsed time: 158.000000 ms 
rc: 55, gpu elapsed time: 153.000000 ms 
[21:15:09.425036][info] Estimate depth map, view id: 1913825998
Device 0 memory - used: 1363.937500, free: 4780.062500, total: 6144.000000
total size of volume map in GPU memory: 173.359375
nDepths 1268, nDepthsToSearch 1268 
ps_computeSimilarityVolume elapsed time: 4.000000 ms 
Device 0 memory - used: 1363.937500, free: 4780.062500, total: 6144.000000
total size of volume map in GPU memory: 173.359375
nDepths 1268, nDepthsToSearch 1268 
ps_computeSimilarityVolume elapsed time: 5.000000 ms 
Device 0 memory - used: 1363.937500, free: 4780.062500, total: 6144.000000
total size of volume map in GPU memory: 173.359375
nDepths 1268, nDepthsToSearch 1268 
ps_computeSimilarityVolume elapsed time: 6.000000 ms 
Device 0 memory - used: 1363.937500, free: 4780.062500, total: 6144.000000
total size of volume map in GPU memory: 173.359375
nDepths 1268, nDepthsToSearch 1268 
ps_computeSimilarityVolume elapsed time: 5.000000 ms 
Device 0 memory - used: 1363.937500, free: 4780.062500, total: 6144.000000
total size of volume map in GPU memory: 173.359375
nDepths 1268, nDepthsToSearch 1268 
ps_computeSimilarityVolume elapsed time: 6.000000 ms 
Device 0 memory - used: 1301.750000, free: 4842.250000, total: 6144.000000
total size of volume map in GPU memory: 111.152344
nDepths 813, nDepthsToSearch 813 
ps_computeSimilarityVolume elapsed time: 5.000000 ms 
Device 0 memory - used: 1363.937500, free: 4780.062500, total: 6144.000000
total size of volume map in GPU memory: 173.359375
nDepths 1268, nDepthsToSearch 1268 
ps_computeSimilarityVolume elapsed time: 5.000000 ms 
Device 0 memory - used: 1363.937500, free: 4780.062500, total: 6144.000000
total size of volume map in GPU memory: 173.359375
nDepths 1268, nDepthsToSearch 1268 
ps_computeSimilarityVolume elapsed time: 6.000000 ms 
Device 0 memory - used: 1340.562500, free: 4803.437500, total: 6144.000000
total size of volume map in GPU memory: 149.980469
nDepths 1097, nDepthsToSearch 1097 
ps_computeSimilarityVolume elapsed time: 5.000000 ms 
Device 0 memory - used: 1338.812500, free: 4805.187500, total: 6144.000000
total size of volume map in GPU memory: 148.203125
nDepths 1084, nDepthsToSearch 1084 
ps_computeSimilarityVolume elapsed time: 5.000000 ms 
ps_SGMoptimizeSimVolume
ps_updateAggrVolume
ps_aggregatePathVolume
ps_aggregatePathVolume done
ps_updateAggrVolume done
ps_updateAggrVolume
ps_aggregatePathVolume
ps_aggregatePathVolume done
ps_updateAggrVolume done
ps_updateAggrVolume
ps_aggregatePathVolume
ps_aggregatePathVolume done
ps_updateAggrVolume done
ps_updateAggrVolume
ps_aggregatePathVolume
ps_aggregatePathVolume done
ps_updateAggrVolume done
SGM volume gpu elapsed time: 370.000000 ms 
ps_SGMoptimizeSimVolume done
[21:15:21.041153][info] Refine depth map, view id: 1913825998
gpu elapsed time: 424.000000 ms 
gpu elapsed time: 424.000000 ms 
gpu elapsed time: 424.000000 ms 
gpu elapsed time: 409.000000 ms 
gpu elapsed time: 338.000000 ms 
gpu elapsed time: 380.000000 ms 
gpu elapsed time: 374.000000 ms 
gpu elapsed time: 305.000000 ms 
gpu elapsed time: 410.000000 ms 
gpu elapsed time: 424.000000 ms 
gpu elapsed time: 425.000000 ms 
gpu elapsed time: 411.000000 ms 
gpu elapsed time: 361.000000 ms 
gpu elapsed time: 424.000000 ms 
gpu elapsed time: 409.000000 ms 
gpu elapsed time: 278.000000 ms 
gpu elapsed time: 324.000000 ms 
gpu elapsed time: 418.000000 ms 
gpu elapsed time: 390.000000 ms 
gpu elapsed time: 245.000000 ms 
gpu elapsed time: 349.000000 ms 
gpu elapsed time: 361.000000 ms 
gpu elapsed time: 348.000000 ms 
gpu elapsed time: 277.000000 ms 
gpu elapsed time: 322.000000 ms 
gpu elapsed time: 324.000000 ms 
gpu elapsed time: 323.000000 ms 
gpu elapsed time: 318.000000 ms 
rc: 56, gpu elapsed time: 157.000000 ms 
rc: 56, gpu elapsed time: 158.000000 ms 
rc: 56, gpu elapsed time: 157.000000 ms 
rc: 56, gpu elapsed time: 152.000000 ms 
[21:15:35.229826][info] Task done in (s): 105.318000
