Program called with the following parameters:
 * downscale = 2
 * exportIntermediateResults = 0
 * imagesFolder = "C:/Users/Chloe/Desktop/meshroom/0501/MeshroomCache/PrepareDenseScene/4338d06a4b9ea692ad8e705188441079ed731036"
 * input = "C:/Users/Chloe/Desktop/meshroom/0501/MeshroomCache/StructureFromMotion/46ee6e5b3997b81bf11384f68b8a646e69a5f1c7/sfm.abc"
 * maxViewAngle = 70
 * minViewAngle = 2
 * nbGPUs = 0
 * output = "C:/Users/Chloe/Desktop/meshroom/0501/MeshroomCache/DepthMap/1a0cd10b04a53f876efe2b85c9f57e8d9c6dd0e8"
 * rangeSize = 3
 * rangeStart = 12
 * refineGammaC = 15.5
 * refineGammaP = 8
 * refineMaxTCams = 6
 * refineNDepthsToRefine = 31
 * refineNSamplesHalf = 150
 * refineNiters = 100
 * refineSigma = 15
 * refineUseTcOrRcPixSize = 0
 * refineWSH = 3
 * sgmGammaC = 5.5
 * sgmGammaP = 8
 * sgmMaxTCams = 10
 * sgmWSH = 4
 * verboseLevel = "info"

[20:47:23.665067][info] CUDA-Enabled GPU.
Device information:
	- id:                      0
	- name:                    GeForce GTX 1660 Ti
	- compute capability:      7.5
	- total device memory:     6144 MB 
	- device memory available: 5154 MB 
	- per-block shared memory: 49152
	- warp size:               32
	- max threads per block:   1024
	- max threads per SM(X):   1024
	- max block sizes:         {1024,1024,64}
	- max grid sizes:          {2147483647,65535,65535}
	- max 2D array texture:    {131072,65536}
	- max 3D array texture:    {16384,16384,16384}
	- max 2D linear texture:   {131072,65000,2097120}
	- max 2D layered texture:  {32768,32768,2048}
	- number of SM(x)s:        24
	- registers per SM(x):     65536
	- registers per block:     65536
	- concurrent kernels:      yes
	- mapping host memory:     yes
	- unified addressing:      yes
	- texture alignment:       512 byte
	- pitch alignment:         32 byte
[20:47:23.791697][info] Supported CUDA-Enabled GPU detected.
[20:47:24.041972][info] Found 1 image dimension(s): 
[20:47:24.041972][info] 	- [3744x5616]
[20:47:24.141798][info] Overall maximum dimension: [3744x5616]
[20:47:24.141798][info] Create depth maps.
number of CUDA devices:	1
   0: GeForce GTX 1660 Ti
[20:47:24.141798][info] # GPU devices: 1, # CPU threads: 12
[20:47:24.142798][info] Plane sweeping parameters:
	- scale: 2
	- step: 5
[20:47:24.142798][info] PlaneSweepingCuda:
	- _nImgsInGPUAtTime: 2
	- scales: 2
	- subPixel: Yes
	- varianceWSH: 4
CUDA device no 0 for 0
Device 0 memory - used: 989.437500, free: 5154.562500, total: 6144.000000
Device 0 memory - used: 1190.562500, free: 4953.437500, total: 6144.000000
[20:47:34.968684][info] Estimate depth map, view id: 538343643
Device 0 memory - used: 1363.812500, free: 4780.187500, total: 6144.000000
total size of volume map in GPU memory: 173.222656
nDepths 1267, nDepthsToSearch 1267 
ps_computeSimilarityVolume elapsed time: 6.000000 ms 
Device 0 memory - used: 1363.812500, free: 4780.187500, total: 6144.000000
total size of volume map in GPU memory: 173.222656
nDepths 1267, nDepthsToSearch 1267 
ps_computeSimilarityVolume elapsed time: 6.000000 ms 
Device 0 memory - used: 1363.812500, free: 4780.187500, total: 6144.000000
total size of volume map in GPU memory: 173.222656
nDepths 1267, nDepthsToSearch 1267 
ps_computeSimilarityVolume elapsed time: 6.000000 ms 
Device 0 memory - used: 1363.812500, free: 4780.187500, total: 6144.000000
total size of volume map in GPU memory: 173.222656
nDepths 1267, nDepthsToSearch 1267 
ps_computeSimilarityVolume elapsed time: 6.000000 ms 
Device 0 memory - used: 1363.812500, free: 4780.187500, total: 6144.000000
total size of volume map in GPU memory: 173.222656
nDepths 1267, nDepthsToSearch 1267 
ps_computeSimilarityVolume elapsed time: 7.000000 ms 
Device 0 memory - used: 1363.812500, free: 4780.187500, total: 6144.000000
total size of volume map in GPU memory: 173.222656
nDepths 1267, nDepthsToSearch 1267 
ps_computeSimilarityVolume elapsed time: 7.000000 ms 
Device 0 memory - used: 1363.812500, free: 4780.187500, total: 6144.000000
total size of volume map in GPU memory: 173.222656
nDepths 1267, nDepthsToSearch 1267 
ps_computeSimilarityVolume elapsed time: 7.000000 ms 
Device 0 memory - used: 1363.812500, free: 4780.187500, total: 6144.000000
total size of volume map in GPU memory: 173.222656
nDepths 1267, nDepthsToSearch 1267 
ps_computeSimilarityVolume elapsed time: 6.000000 ms 
Device 0 memory - used: 1363.812500, free: 4780.187500, total: 6144.000000
total size of volume map in GPU memory: 173.222656
nDepths 1267, nDepthsToSearch 1267 
ps_computeSimilarityVolume elapsed time: 6.000000 ms 
Device 0 memory - used: 1326.375000, free: 4817.625000, total: 6144.000000
total size of volume map in GPU memory: 135.761719
nDepths 993, nDepthsToSearch 993 
ps_computeSimilarityVolume elapsed time: 4.000000 ms 
ps_SGMoptimizeSimVolume
ps_updateAggrVolume
ps_aggregatePathVolume
ps_aggregatePathVolume done
ps_updateAggrVolume done
ps_updateAggrVolume
ps_aggregatePathVolume
ps_aggregatePathVolume done
ps_updateAggrVolume done
ps_updateAggrVolume
ps_aggregatePathVolume
ps_aggregatePathVolume done
ps_updateAggrVolume done
ps_updateAggrVolume
ps_aggregatePathVolume
ps_aggregatePathVolume done
ps_updateAggrVolume done
SGM volume gpu elapsed time: 372.000000 ms 
ps_SGMoptimizeSimVolume done
[20:47:47.782451][info] Refine depth map, view id: 538343643
gpu elapsed time: 375.000000 ms 
gpu elapsed time: 423.000000 ms 
gpu elapsed time: 426.000000 ms 
gpu elapsed time: 406.000000 ms 
gpu elapsed time: 404.000000 ms 
gpu elapsed time: 423.000000 ms 
gpu elapsed time: 424.000000 ms 
gpu elapsed time: 357.000000 ms 
gpu elapsed time: 414.000000 ms 
gpu elapsed time: 424.000000 ms 
gpu elapsed time: 425.000000 ms 
gpu elapsed time: 403.000000 ms 
gpu elapsed time: 380.000000 ms 
gpu elapsed time: 421.000000 ms 
gpu elapsed time: 421.000000 ms 
gpu elapsed time: 380.000000 ms 
gpu elapsed time: 387.000000 ms 
gpu elapsed time: 421.000000 ms 
gpu elapsed time: 424.000000 ms 
gpu elapsed time: 410.000000 ms 
gpu elapsed time: 413.000000 ms 
gpu elapsed time: 424.000000 ms 
gpu elapsed time: 415.000000 ms 
gpu elapsed time: 383.000000 ms 
gpu elapsed time: 322.000000 ms 
gpu elapsed time: 323.000000 ms 
gpu elapsed time: 322.000000 ms 
gpu elapsed time: 318.000000 ms 
rc: 12, gpu elapsed time: 157.000000 ms 
rc: 12, gpu elapsed time: 158.000000 ms 
rc: 12, gpu elapsed time: 158.000000 ms 
rc: 12, gpu elapsed time: 153.000000 ms 
[20:48:15.042949][info] Estimate depth map, view id: 599788963
Device 0 memory - used: 1395.687500, free: 4748.312500, total: 6144.000000
total size of volume map in GPU memory: 205.078125
nDepths 1500, nDepthsToSearch 1500 
ps_computeSimilarityVolume elapsed time: 6.000000 ms 
Device 0 memory - used: 1395.687500, free: 4748.312500, total: 6144.000000
total size of volume map in GPU memory: 205.078125
nDepths 1500, nDepthsToSearch 1500 
ps_computeSimilarityVolume elapsed time: 6.000000 ms 
Device 0 memory - used: 1363.375000, free: 4780.625000, total: 6144.000000
total size of volume map in GPU memory: 172.812500
nDepths 1264, nDepthsToSearch 1264 
ps_computeSimilarityVolume elapsed time: 6.000000 ms 
Device 0 memory - used: 1395.687500, free: 4748.312500, total: 6144.000000
total size of volume map in GPU memory: 205.078125
nDepths 1500, nDepthsToSearch 1500 
ps_computeSimilarityVolume elapsed time: 5.000000 ms 
Device 0 memory - used: 1395.687500, free: 4748.312500, total: 6144.000000
total size of volume map in GPU memory: 205.078125
nDepths 1500, nDepthsToSearch 1500 
ps_computeSimilarityVolume elapsed time: 6.000000 ms 
Device 0 memory - used: 1395.687500, free: 4748.312500, total: 6144.000000
total size of volume map in GPU memory: 205.078125
nDepths 1500, nDepthsToSearch 1500 
ps_computeSimilarityVolume elapsed time: 6.000000 ms 
Device 0 memory - used: 1395.687500, free: 4748.312500, total: 6144.000000
total size of volume map in GPU memory: 205.078125
nDepths 1500, nDepthsToSearch 1500 
ps_computeSimilarityVolume elapsed time: 6.000000 ms 
Device 0 memory - used: 1327.750000, free: 4816.250000, total: 6144.000000
total size of volume map in GPU memory: 137.128906
nDepths 1003, nDepthsToSearch 1003 
ps_computeSimilarityVolume elapsed time: 4.000000 ms 
Device 0 memory - used: 1319.000000, free: 4825.000000, total: 6144.000000
total size of volume map in GPU memory: 128.378906
nDepths 939, nDepthsToSearch 939 
ps_computeSimilarityVolume elapsed time: 5.000000 ms 
Device 0 memory - used: 1346.312500, free: 4797.687500, total: 6144.000000
total size of volume map in GPU memory: 155.722656
nDepths 1139, nDepthsToSearch 1139 
ps_computeSimilarityVolume elapsed time: 5.000000 ms 
ps_SGMoptimizeSimVolume
ps_updateAggrVolume
ps_aggregatePathVolume
ps_aggregatePathVolume done
ps_updateAggrVolume done
ps_updateAggrVolume
ps_aggregatePathVolume
ps_aggregatePathVolume done
ps_updateAggrVolume done
ps_updateAggrVolume
ps_aggregatePathVolume
ps_aggregatePathVolume done
ps_updateAggrVolume done
ps_updateAggrVolume
ps_aggregatePathVolume
ps_aggregatePathVolume done
ps_updateAggrVolume done
SGM volume gpu elapsed time: 565.000000 ms 
ps_SGMoptimizeSimVolume done
[20:48:27.954734][info] Refine depth map, view id: 599788963
gpu elapsed time: 411.000000 ms 
gpu elapsed time: 422.000000 ms 
gpu elapsed time: 421.000000 ms 
gpu elapsed time: 391.000000 ms 
gpu elapsed time: 366.000000 ms 
gpu elapsed time: 390.000000 ms 
gpu elapsed time: 404.000000 ms 
gpu elapsed time: 364.000000 ms 
gpu elapsed time: 393.000000 ms 
gpu elapsed time: 388.000000 ms 
gpu elapsed time: 366.000000 ms 
gpu elapsed time: 313.000000 ms 
gpu elapsed time: 404.000000 ms 
gpu elapsed time: 426.000000 ms 
gpu elapsed time: 421.000000 ms 
gpu elapsed time: 376.000000 ms 
gpu elapsed time: 403.000000 ms 
gpu elapsed time: 423.000000 ms 
gpu elapsed time: 424.000000 ms 
gpu elapsed time: 341.000000 ms 
gpu elapsed time: 401.000000 ms 
gpu elapsed time: 425.000000 ms 
gpu elapsed time: 425.000000 ms 
gpu elapsed time: 400.000000 ms 
gpu elapsed time: 322.000000 ms 
gpu elapsed time: 323.000000 ms 
gpu elapsed time: 321.000000 ms 
gpu elapsed time: 316.000000 ms 
rc: 13, gpu elapsed time: 156.000000 ms 
rc: 13, gpu elapsed time: 158.000000 ms 
rc: 13, gpu elapsed time: 157.000000 ms 
rc: 13, gpu elapsed time: 152.000000 ms 
[20:48:48.872554][info] Estimate depth map, view id: 665364302
Device 0 memory - used: 1387.062500, free: 4756.937500, total: 6144.000000
total size of volume map in GPU memory: 196.464844
nDepths 1437, nDepthsToSearch 1437 
ps_computeSimilarityVolume elapsed time: 6.000000 ms 
Device 0 memory - used: 1387.062500, free: 4756.937500, total: 6144.000000
total size of volume map in GPU memory: 196.464844
nDepths 1437, nDepthsToSearch 1437 
ps_computeSimilarityVolume elapsed time: 6.000000 ms 
Device 0 memory - used: 1387.062500, free: 4756.937500, total: 6144.000000
total size of volume map in GPU memory: 196.464844
nDepths 1437, nDepthsToSearch 1437 
ps_computeSimilarityVolume elapsed time: 6.000000 ms 
Device 0 memory - used: 1387.062500, free: 4756.937500, total: 6144.000000
total size of volume map in GPU memory: 196.464844
nDepths 1437, nDepthsToSearch 1437 
ps_computeSimilarityVolume elapsed time: 5.000000 ms 
Device 0 memory - used: 1369.812500, free: 4774.187500, total: 6144.000000
total size of volume map in GPU memory: 179.238281
nDepths 1311, nDepthsToSearch 1311 
ps_computeSimilarityVolume elapsed time: 6.000000 ms 
Device 0 memory - used: 1366.250000, free: 4777.750000, total: 6144.000000
total size of volume map in GPU memory: 175.683594
nDepths 1285, nDepthsToSearch 1285 
ps_computeSimilarityVolume elapsed time: 6.000000 ms 
Device 0 memory - used: 1387.062500, free: 4756.937500, total: 6144.000000
total size of volume map in GPU memory: 196.464844
nDepths 1437, nDepthsToSearch 1437 
ps_computeSimilarityVolume elapsed time: 5.000000 ms 
Device 0 memory - used: 1358.875000, free: 4785.125000, total: 6144.000000
total size of volume map in GPU memory: 168.300781
nDepths 1231, nDepthsToSearch 1231 
ps_computeSimilarityVolume elapsed time: 5.000000 ms 
Device 0 memory - used: 1349.187500, free: 4794.812500, total: 6144.000000
total size of volume map in GPU memory: 158.593750
nDepths 1160, nDepthsToSearch 1160 
ps_computeSimilarityVolume elapsed time: 5.000000 ms 
Device 0 memory - used: 1342.187500, free: 4801.812500, total: 6144.000000
total size of volume map in GPU memory: 151.621094
nDepths 1109, nDepthsToSearch 1109 
ps_computeSimilarityVolume elapsed time: 5.000000 ms 
ps_SGMoptimizeSimVolume
ps_updateAggrVolume
ps_aggregatePathVolume
ps_aggregatePathVolume done
ps_updateAggrVolume done
ps_updateAggrVolume
ps_aggregatePathVolume
ps_aggregatePathVolume done
ps_updateAggrVolume done
ps_updateAggrVolume
ps_aggregatePathVolume
ps_aggregatePathVolume done
ps_updateAggrVolume done
ps_updateAggrVolume
ps_aggregatePathVolume
ps_aggregatePathVolume done
ps_updateAggrVolume done
SGM volume gpu elapsed time: 419.000000 ms 
ps_SGMoptimizeSimVolume done
[20:49:05.346666][info] Refine depth map, view id: 665364302
gpu elapsed time: 382.000000 ms 
gpu elapsed time: 394.000000 ms 
gpu elapsed time: 379.000000 ms 
gpu elapsed time: 341.000000 ms 
gpu elapsed time: 344.000000 ms 
gpu elapsed time: 398.000000 ms 
gpu elapsed time: 402.000000 ms 
gpu elapsed time: 351.000000 ms 
gpu elapsed time: 376.000000 ms 
gpu elapsed time: 412.000000 ms 
gpu elapsed time: 400.000000 ms 
gpu elapsed time: 367.000000 ms 
gpu elapsed time: 347.000000 ms 
gpu elapsed time: 388.000000 ms 
gpu elapsed time: 406.000000 ms 
gpu elapsed time: 367.000000 ms 
gpu elapsed time: 404.000000 ms 
gpu elapsed time: 420.000000 ms 
gpu elapsed time: 401.000000 ms 
gpu elapsed time: 351.000000 ms 
gpu elapsed time: 329.000000 ms 
gpu elapsed time: 385.000000 ms 
gpu elapsed time: 411.000000 ms 
gpu elapsed time: 371.000000 ms 
gpu elapsed time: 318.000000 ms 
gpu elapsed time: 321.000000 ms 
gpu elapsed time: 322.000000 ms 
gpu elapsed time: 315.000000 ms 
rc: 14, gpu elapsed time: 156.000000 ms 
rc: 14, gpu elapsed time: 157.000000 ms 
rc: 14, gpu elapsed time: 157.000000 ms 
rc: 14, gpu elapsed time: 153.000000 ms 
[20:49:19.539261][info] Task done in (s): 115.874000
