Program called with the following parameters:
 * downscale = 2
 * exportIntermediateResults = 0
 * imagesFolder = "C:/Users/Chloe/Desktop/meshroom/0501/MeshroomCache/PrepareDenseScene/4338d06a4b9ea692ad8e705188441079ed731036"
 * input = "C:/Users/Chloe/Desktop/meshroom/0501/MeshroomCache/StructureFromMotion/46ee6e5b3997b81bf11384f68b8a646e69a5f1c7/sfm.abc"
 * maxViewAngle = 70
 * minViewAngle = 2
 * nbGPUs = 0
 * output = "C:/Users/Chloe/Desktop/meshroom/0501/MeshroomCache/DepthMap/1a0cd10b04a53f876efe2b85c9f57e8d9c6dd0e8"
 * rangeSize = 3
 * rangeStart = 27
 * refineGammaC = 15.5
 * refineGammaP = 8
 * refineMaxTCams = 6
 * refineNDepthsToRefine = 31
 * refineNSamplesHalf = 150
 * refineNiters = 100
 * refineSigma = 15
 * refineUseTcOrRcPixSize = 0
 * refineWSH = 3
 * sgmGammaC = 5.5
 * sgmGammaP = 8
 * sgmMaxTCams = 10
 * sgmWSH = 4
 * verboseLevel = "info"

[20:57:01.367522][info] CUDA-Enabled GPU.
Device information:
	- id:                      0
	- name:                    GeForce GTX 1660 Ti
	- compute capability:      7.5
	- total device memory:     6144 MB 
	- device memory available: 5154 MB 
	- per-block shared memory: 49152
	- warp size:               32
	- max threads per block:   1024
	- max threads per SM(X):   1024
	- max block sizes:         {1024,1024,64}
	- max grid sizes:          {2147483647,65535,65535}
	- max 2D array texture:    {131072,65536}
	- max 3D array texture:    {16384,16384,16384}
	- max 2D linear texture:   {131072,65000,2097120}
	- max 2D layered texture:  {32768,32768,2048}
	- number of SM(x)s:        24
	- registers per SM(x):     65536
	- registers per block:     65536
	- concurrent kernels:      yes
	- mapping host memory:     yes
	- unified addressing:      yes
	- texture alignment:       512 byte
	- pitch alignment:         32 byte
[20:57:01.510722][info] Supported CUDA-Enabled GPU detected.
[20:57:01.765109][info] Found 1 image dimension(s): 
[20:57:01.765109][info] 	- [3744x5616]
[20:57:01.862123][info] Overall maximum dimension: [3744x5616]
[20:57:01.862123][info] Create depth maps.
number of CUDA devices:	1
   0: GeForce GTX 1660 Ti
[20:57:01.862123][info] # GPU devices: 1, # CPU threads: 12
[20:57:01.862123][info] Plane sweeping parameters:
	- scale: 2
	- step: 5
[20:57:01.862123][info] PlaneSweepingCuda:
	- _nImgsInGPUAtTime: 2
	- scales: 2
	- subPixel: Yes
	- varianceWSH: 4
CUDA device no 0 for 0
Device 0 memory - used: 989.437500, free: 5154.562500, total: 6144.000000
Device 0 memory - used: 1190.562500, free: 4953.437500, total: 6144.000000
[20:57:13.017398][info] Estimate depth map, view id: 1056728409
Device 0 memory - used: 1338.125000, free: 4805.875000, total: 6144.000000
total size of volume map in GPU memory: 147.519531
nDepths 1079, nDepthsToSearch 1079 
ps_computeSimilarityVolume elapsed time: 5.000000 ms 
Device 0 memory - used: 1338.125000, free: 4805.875000, total: 6144.000000
total size of volume map in GPU memory: 147.519531
nDepths 1079, nDepthsToSearch 1079 
ps_computeSimilarityVolume elapsed time: 5.000000 ms 
Device 0 memory - used: 1338.125000, free: 4805.875000, total: 6144.000000
total size of volume map in GPU memory: 147.519531
nDepths 1079, nDepthsToSearch 1079 
ps_computeSimilarityVolume elapsed time: 6.000000 ms 
Device 0 memory - used: 1338.125000, free: 4805.875000, total: 6144.000000
total size of volume map in GPU memory: 147.519531
nDepths 1079, nDepthsToSearch 1079 
ps_computeSimilarityVolume elapsed time: 4.000000 ms 
Device 0 memory - used: 1338.125000, free: 4805.875000, total: 6144.000000
total size of volume map in GPU memory: 147.519531
nDepths 1079, nDepthsToSearch 1079 
ps_computeSimilarityVolume elapsed time: 5.000000 ms 
Device 0 memory - used: 1338.125000, free: 4805.875000, total: 6144.000000
total size of volume map in GPU memory: 147.519531
nDepths 1079, nDepthsToSearch 1079 
ps_computeSimilarityVolume elapsed time: 5.000000 ms 
Device 0 memory - used: 1338.125000, free: 4805.875000, total: 6144.000000
total size of volume map in GPU memory: 147.519531
nDepths 1079, nDepthsToSearch 1079 
ps_computeSimilarityVolume elapsed time: 6.000000 ms 
Device 0 memory - used: 1338.125000, free: 4805.875000, total: 6144.000000
total size of volume map in GPU memory: 147.519531
nDepths 1079, nDepthsToSearch 1079 
ps_computeSimilarityVolume elapsed time: 6.000000 ms 
Device 0 memory - used: 1338.125000, free: 4805.875000, total: 6144.000000
total size of volume map in GPU memory: 147.519531
nDepths 1079, nDepthsToSearch 1079 
ps_computeSimilarityVolume elapsed time: 5.000000 ms 
Device 0 memory - used: 1324.437500, free: 4819.562500, total: 6144.000000
total size of volume map in GPU memory: 133.847656
nDepths 979, nDepthsToSearch 979 
ps_computeSimilarityVolume elapsed time: 5.000000 ms 
ps_SGMoptimizeSimVolume
ps_updateAggrVolume
ps_aggregatePathVolume
ps_aggregatePathVolume done
ps_updateAggrVolume done
ps_updateAggrVolume
ps_aggregatePathVolume
ps_aggregatePathVolume done
ps_updateAggrVolume done
ps_updateAggrVolume
ps_aggregatePathVolume
ps_aggregatePathVolume done
ps_updateAggrVolume done
ps_updateAggrVolume
ps_aggregatePathVolume
ps_aggregatePathVolume done
ps_updateAggrVolume done
SGM volume gpu elapsed time: 319.000000 ms 
ps_SGMoptimizeSimVolume done
[20:57:24.080330][info] Refine depth map, view id: 1056728409
gpu elapsed time: 423.000000 ms 
gpu elapsed time: 418.000000 ms 
gpu elapsed time: 416.000000 ms 
gpu elapsed time: 363.000000 ms 
gpu elapsed time: 394.000000 ms 
gpu elapsed time: 412.000000 ms 
gpu elapsed time: 416.000000 ms 
gpu elapsed time: 392.000000 ms 
gpu elapsed time: 399.000000 ms 
gpu elapsed time: 420.000000 ms 
gpu elapsed time: 421.000000 ms 
gpu elapsed time: 367.000000 ms 
gpu elapsed time: 408.000000 ms 
gpu elapsed time: 420.000000 ms 
gpu elapsed time: 415.000000 ms 
gpu elapsed time: 381.000000 ms 
gpu elapsed time: 395.000000 ms 
gpu elapsed time: 403.000000 ms 
gpu elapsed time: 396.000000 ms 
gpu elapsed time: 306.000000 ms 
gpu elapsed time: 373.000000 ms 
gpu elapsed time: 398.000000 ms 
gpu elapsed time: 405.000000 ms 
gpu elapsed time: 368.000000 ms 
gpu elapsed time: 322.000000 ms 
gpu elapsed time: 324.000000 ms 
gpu elapsed time: 323.000000 ms 
gpu elapsed time: 317.000000 ms 
rc: 27, gpu elapsed time: 156.000000 ms 
rc: 27, gpu elapsed time: 158.000000 ms 
rc: 27, gpu elapsed time: 157.000000 ms 
rc: 27, gpu elapsed time: 154.000000 ms 
[20:57:49.569900][info] Estimate depth map, view id: 1067972196
Device 0 memory - used: 1366.687500, free: 4777.312500, total: 6144.000000
total size of volume map in GPU memory: 176.093750
nDepths 1288, nDepthsToSearch 1288 
ps_computeSimilarityVolume elapsed time: 6.000000 ms 
Device 0 memory - used: 1364.500000, free: 4779.500000, total: 6144.000000
total size of volume map in GPU memory: 173.906250
nDepths 1272, nDepthsToSearch 1272 
ps_computeSimilarityVolume elapsed time: 6.000000 ms 
Device 0 memory - used: 1366.687500, free: 4777.312500, total: 6144.000000
total size of volume map in GPU memory: 176.093750
nDepths 1288, nDepthsToSearch 1288 
ps_computeSimilarityVolume elapsed time: 5.000000 ms 
Device 0 memory - used: 1350.937500, free: 4793.062500, total: 6144.000000
total size of volume map in GPU memory: 160.371094
nDepths 1173, nDepthsToSearch 1173 
ps_computeSimilarityVolume elapsed time: 5.000000 ms 
Device 0 memory - used: 1366.687500, free: 4777.312500, total: 6144.000000
total size of volume map in GPU memory: 176.093750
nDepths 1288, nDepthsToSearch 1288 
ps_computeSimilarityVolume elapsed time: 6.000000 ms 
Device 0 memory - used: 1366.687500, free: 4777.312500, total: 6144.000000
total size of volume map in GPU memory: 176.093750
nDepths 1288, nDepthsToSearch 1288 
ps_computeSimilarityVolume elapsed time: 5.000000 ms 
Device 0 memory - used: 1303.250000, free: 4840.750000, total: 6144.000000
total size of volume map in GPU memory: 112.656250
nDepths 824, nDepthsToSearch 824 
ps_computeSimilarityVolume elapsed time: 4.000000 ms 
Device 0 memory - used: 1319.812500, free: 4824.187500, total: 6144.000000
total size of volume map in GPU memory: 129.199219
nDepths 945, nDepthsToSearch 945 
ps_computeSimilarityVolume elapsed time: 4.000000 ms 
Device 0 memory - used: 1360.562500, free: 4783.437500, total: 6144.000000
total size of volume map in GPU memory: 169.941406
nDepths 1243, nDepthsToSearch 1243 
ps_computeSimilarityVolume elapsed time: 5.000000 ms 
Device 0 memory - used: 1366.687500, free: 4777.312500, total: 6144.000000
total size of volume map in GPU memory: 176.093750
nDepths 1288, nDepthsToSearch 1288 
ps_computeSimilarityVolume elapsed time: 5.000000 ms 
ps_SGMoptimizeSimVolume
ps_updateAggrVolume
ps_aggregatePathVolume
ps_aggregatePathVolume done
ps_updateAggrVolume done
ps_updateAggrVolume
ps_aggregatePathVolume
ps_aggregatePathVolume done
ps_updateAggrVolume done
ps_updateAggrVolume
ps_aggregatePathVolume
ps_aggregatePathVolume done
ps_updateAggrVolume done
ps_updateAggrVolume
ps_aggregatePathVolume
ps_aggregatePathVolume done
ps_updateAggrVolume done
SGM volume gpu elapsed time: 373.000000 ms 
ps_SGMoptimizeSimVolume done
[20:58:01.796631][info] Refine depth map, view id: 1067972196
gpu elapsed time: 409.000000 ms 
gpu elapsed time: 423.000000 ms 
gpu elapsed time: 418.000000 ms 
gpu elapsed time: 395.000000 ms 
gpu elapsed time: 407.000000 ms 
gpu elapsed time: 424.000000 ms 
gpu elapsed time: 421.000000 ms 
gpu elapsed time: 369.000000 ms 
gpu elapsed time: 415.000000 ms 
gpu elapsed time: 426.000000 ms 
gpu elapsed time: 425.000000 ms 
gpu elapsed time: 411.000000 ms 
gpu elapsed time: 416.000000 ms 
gpu elapsed time: 425.000000 ms 
gpu elapsed time: 417.000000 ms 
gpu elapsed time: 396.000000 ms 
gpu elapsed time: 407.000000 ms 
gpu elapsed time: 425.000000 ms 
gpu elapsed time: 426.000000 ms 
gpu elapsed time: 408.000000 ms 
gpu elapsed time: 418.000000 ms 
gpu elapsed time: 427.000000 ms 
gpu elapsed time: 427.000000 ms 
gpu elapsed time: 403.000000 ms 
gpu elapsed time: 323.000000 ms 
gpu elapsed time: 322.000000 ms 
gpu elapsed time: 323.000000 ms 
gpu elapsed time: 318.000000 ms 
rc: 28, gpu elapsed time: 157.000000 ms 
rc: 28, gpu elapsed time: 158.000000 ms 
rc: 28, gpu elapsed time: 158.000000 ms 
rc: 28, gpu elapsed time: 153.000000 ms 
[20:58:22.282021][info] Estimate depth map, view id: 1074909132
Device 0 memory - used: 1379.937500, free: 4764.062500, total: 6144.000000
total size of volume map in GPU memory: 189.355469
nDepths 1385, nDepthsToSearch 1385 
ps_computeSimilarityVolume elapsed time: 5.000000 ms 
Device 0 memory - used: 1379.937500, free: 4764.062500, total: 6144.000000
total size of volume map in GPU memory: 189.355469
nDepths 1385, nDepthsToSearch 1385 
ps_computeSimilarityVolume elapsed time: 5.000000 ms 
Device 0 memory - used: 1379.937500, free: 4764.062500, total: 6144.000000
total size of volume map in GPU memory: 189.355469
nDepths 1385, nDepthsToSearch 1385 
ps_computeSimilarityVolume elapsed time: 6.000000 ms 
Device 0 memory - used: 1379.937500, free: 4764.062500, total: 6144.000000
total size of volume map in GPU memory: 189.355469
nDepths 1385, nDepthsToSearch 1385 
ps_computeSimilarityVolume elapsed time: 6.000000 ms 
Device 0 memory - used: 1356.187500, free: 4787.812500, total: 6144.000000
total size of volume map in GPU memory: 165.566406
nDepths 1211, nDepthsToSearch 1211 
ps_computeSimilarityVolume elapsed time: 5.000000 ms 
Device 0 memory - used: 1352.312500, free: 4791.687500, total: 6144.000000
total size of volume map in GPU memory: 161.738281
nDepths 1183, nDepthsToSearch 1183 
ps_computeSimilarityVolume elapsed time: 5.000000 ms 
Device 0 memory - used: 1370.375000, free: 4773.625000, total: 6144.000000
total size of volume map in GPU memory: 179.785156
nDepths 1315, nDepthsToSearch 1315 
ps_computeSimilarityVolume elapsed time: 6.000000 ms 
Device 0 memory - used: 1379.937500, free: 4764.062500, total: 6144.000000
total size of volume map in GPU memory: 189.355469
nDepths 1385, nDepthsToSearch 1385 
ps_computeSimilarityVolume elapsed time: 5.000000 ms 
Device 0 memory - used: 1327.312500, free: 4816.687500, total: 6144.000000
total size of volume map in GPU memory: 136.718750
nDepths 1000, nDepthsToSearch 1000 
ps_computeSimilarityVolume elapsed time: 5.000000 ms 
Device 0 memory - used: 1350.437500, free: 4793.562500, total: 6144.000000
total size of volume map in GPU memory: 159.824219
nDepths 1169, nDepthsToSearch 1169 
ps_computeSimilarityVolume elapsed time: 5.000000 ms 
ps_SGMoptimizeSimVolume
ps_updateAggrVolume
ps_aggregatePathVolume
ps_aggregatePathVolume done
ps_updateAggrVolume done
ps_updateAggrVolume
ps_aggregatePathVolume
ps_aggregatePathVolume done
ps_updateAggrVolume done
ps_updateAggrVolume
ps_aggregatePathVolume
ps_aggregatePathVolume done
ps_updateAggrVolume done
ps_updateAggrVolume
ps_aggregatePathVolume
ps_aggregatePathVolume done
ps_updateAggrVolume done
SGM volume gpu elapsed time: 399.000000 ms 
ps_SGMoptimizeSimVolume done
[20:58:34.600733][info] Refine depth map, view id: 1074909132
gpu elapsed time: 395.000000 ms 
gpu elapsed time: 423.000000 ms 
gpu elapsed time: 424.000000 ms 
gpu elapsed time: 402.000000 ms 
gpu elapsed time: 393.000000 ms 
gpu elapsed time: 415.000000 ms 
gpu elapsed time: 422.000000 ms 
gpu elapsed time: 403.000000 ms 
gpu elapsed time: 381.000000 ms 
gpu elapsed time: 410.000000 ms 
gpu elapsed time: 413.000000 ms 
gpu elapsed time: 392.000000 ms 
gpu elapsed time: 398.000000 ms 
gpu elapsed time: 421.000000 ms 
gpu elapsed time: 413.000000 ms 
gpu elapsed time: 367.000000 ms 
gpu elapsed time: 360.000000 ms 
gpu elapsed time: 422.000000 ms 
gpu elapsed time: 426.000000 ms 
gpu elapsed time: 404.000000 ms 
gpu elapsed time: 409.000000 ms 
gpu elapsed time: 424.000000 ms 
gpu elapsed time: 412.000000 ms 
gpu elapsed time: 349.000000 ms 
gpu elapsed time: 322.000000 ms 
gpu elapsed time: 323.000000 ms 
gpu elapsed time: 323.000000 ms 
gpu elapsed time: 317.000000 ms 
rc: 29, gpu elapsed time: 157.000000 ms 
rc: 29, gpu elapsed time: 158.000000 ms 
rc: 29, gpu elapsed time: 158.000000 ms 
rc: 29, gpu elapsed time: 154.000000 ms 
[20:58:49.434734][info] Task done in (s): 108.068000
